2023-01-13 17:29:59 [@canatiba]
CSRF check failed for User ID:  at /glpi/marketplace/actualtime/ajax/running.php2023-01-18 08:45:20 [@canatiba]
CSRF check failed for User ID:  at /glpi/front/login.php2023-03-21 08:22:02 [8@canatiba]
CSRF check failed for User ID: 8 at /glpi/front/profile.form.php2023-03-21 10:07:48 [8@canatiba]
CSRF check failed for User ID: 8 at /glpi/front/massiveaction.php2023-03-21 14:31:40 [8@canatiba]
CSRF check failed for User ID: 8 at /glpi/ajax/marketplace.php2023-03-21 14:31:47 [8@canatiba]
CSRF check failed for User ID: 8 at /glpi/ajax/marketplace.php2023-03-22 10:18:20 [8@canatiba]
CSRF check failed for User ID: 8 at /glpi/ajax/getDropdownValue.php2023-03-22 10:18:26 [8@canatiba]
CSRF check failed for User ID: 8 at /glpi/ajax/getDropdownValue.php2023-03-22 10:18:34 [8@canatiba]
CSRF check failed for User ID: 8 at /glpi/ajax/getDropdownValue.php2023-03-22 13:15:30 [8@canatiba]
CSRF check failed for User ID: 8 at /glpi/ajax/getDropdownValue.php2023-03-23 08:14:48 [8@canatiba]
CSRF check failed for User ID: 8 at /glpi/front/itilcategory.form.php2023-03-23 14:54:54 [228@canatiba]
CSRF check failed for User ID: 228 at /glpi/ajax/getDropdownValue.php2023-03-23 14:54:56 [228@canatiba]
CSRF check failed for User ID: 228 at /glpi/ajax/getDropdownValue.php2023-03-23 14:55:08 [228@canatiba]
CSRF check failed for User ID: 228 at /glpi/ajax/getDropdownValue.php2023-03-23 14:57:40 [@canatiba]
CSRF check failed for User ID:  at /glpi/ajax/itillayout.php2023-03-23 14:57:42 [@canatiba]
CSRF check failed for User ID:  at /glpi/ajax/itillayout.php2023-03-23 14:57:44 [@canatiba]
CSRF check failed for User ID:  at /glpi/ajax/itillayout.php2023-03-23 14:57:46 [@canatiba]
CSRF check failed for User ID:  at /glpi/ajax/itillayout.php2023-03-23 14:57:49 [@canatiba]
CSRF check failed for User ID:  at /glpi/ajax/itillayout.php2023-03-23 14:57:54 [@canatiba]
CSRF check failed for User ID:  at /glpi/ajax/actors.php2023-03-23 14:58:24 [@canatiba]
CSRF check failed for User ID:  at /glpi/ajax/itillayout.php2023-03-23 14:58:31 [@canatiba]
CSRF check failed for User ID:  at /glpi/ajax/itillayout.php2023-03-23 14:58:32 [@canatiba]
CSRF check failed for User ID:  at /glpi/ajax/itillayout.php2023-03-23 14:58:35 [@canatiba]
CSRF check failed for User ID:  at /glpi/ajax/itillayout.php2023-03-23 14:58:39 [@canatiba]
CSRF check failed for User ID:  at /glpi/ajax/itillayout.php2023-03-23 14:58:47 [@canatiba]
CSRF check failed for User ID:  at /glpi/ajax/itillayout.php2023-03-23 14:58:48 [@canatiba]
CSRF check failed for User ID:  at /glpi/ajax/itillayout.php2023-03-23 14:58:51 [@canatiba]
CSRF check failed for User ID:  at /glpi/ajax/actors.php2023-03-23 15:03:35 [@canatiba]
CSRF check failed for User ID:  at /glpi/ajax/itillayout.php2023-03-23 15:03:38 [@canatiba]
CSRF check failed for User ID:  at /glpi/ajax/itillayout.php2023-03-23 15:09:46 [@canatiba]
CSRF check failed for User ID:  at /glpi/ajax/actors.php2023-03-23 15:09:50 [@canatiba]
CSRF check failed for User ID:  at /glpi/ajax/itillayout.php2023-03-23 15:09:51 [@canatiba]
CSRF check failed for User ID:  at /glpi/ajax/itillayout.php2023-03-23 15:13:13 [@canatiba]
CSRF check failed for User ID:  at /glpi/ajax/actors.php2023-03-24 09:01:37 [227@canatiba]
CSRF check failed for User ID: 227 at /glpi/ajax/timeline.php2023-03-30 11:19:05 [8@canatiba]
CSRF check failed for User ID: 8 at /glpi/front/item_remotemanagement.form.php2023-04-11 14:04:39 [8@canatiba]
CSRF check failed for User ID: 8 at /glpi/ajax/getDropdownValue.php2023-04-11 14:04:43 [8@canatiba]
CSRF check failed for User ID: 8 at /glpi/ajax/getDropdownValue.php2023-04-11 14:04:55 [8@canatiba]
CSRF check failed for User ID: 8 at /glpi/ajax/getDropdownValue.php2023-04-11 14:04:58 [8@canatiba]
CSRF check failed for User ID: 8 at /glpi/ajax/getDropdownValue.php2023-04-11 14:05:04 [8@canatiba]
CSRF check failed for User ID: 8 at /glpi/ajax/getDropdownValue.php2023-04-11 14:05:21 [8@canatiba]
CSRF check failed for User ID: 8 at /glpi/ajax/getDropdownUsers.php2023-04-11 14:05:32 [8@canatiba]
CSRF check failed for User ID: 8 at /glpi/front/user.form.php