2023-01-11 14:06:27 [@canatiba]
Interno #1: Executar contract
2023-01-11 14:14:20 [@canatiba]
Interno #1: Executar infocom
2023-01-11 14:17:46 [2@canatiba]
Interno #1: Executar mailgate
2023-01-11 14:33:02 [2@canatiba]
Interno #1: Executar session
2023-01-11 16:19:54 [@canatiba]
Interno #1: Executar graph
2023-01-11 16:20:34 [@canatiba]
Interno #1: Executar reservation
2023-01-11 16:39:00 [2@canatiba]
Interno #1: Executar closeticket
2023-01-11 16:57:44 [2@canatiba]
Interno #1: Executar alertnotclosed
2023-01-11 17:05:41 [2@canatiba]
Interno #1: Executar slaticket
2023-01-11 17:10:43 [2@canatiba]
Interno #1: Executar createinquest
2023-01-11 17:12:58 [@canatiba]
Interno #1: Executar watcher
2023-01-11 17:13:35 [@canatiba]
Interno #1: Executar RecurrentItems
2023-01-11 17:13:56 [@canatiba]
Interno #1: Executar planningrecall
2023-01-11 17:20:17 [8@canatiba]
Interno #1: Executar queuednotification
2023-01-11 17:21:56 [@canatiba]
Interno #1: Executar queuednotificationclean
2023-01-12 09:01:11 [@canatiba]
Interno #1: Executar temp
2023-01-12 16:49:03 [@canatiba]
Interno #1: Executar mailgateerror
2023-01-13 08:19:51 [@canatiba]
Interno #1: Executar certificate
2023-01-13 09:00:54 [@canatiba]
Interno #1: Executar olaticket
2023-01-13 09:01:27 [@canatiba]
Interno #1: Executar mailgate
2023-01-13 09:01:55 [@canatiba]
Interno #1: Executar slaticket
2023-01-13 09:02:45 [@canatiba]
Interno #1: Executar planningrecall
2023-01-13 09:05:01 [@canatiba]
Interno #1: Executar graph
2023-01-13 09:12:03 [8@canatiba]
Interno #1: Executar reservation
2023-01-13 09:17:43 [8@canatiba]
Interno #1: Executar queuednotification
2023-01-13 09:22:57 [8@canatiba]
Interno #1: Executar RecurrentItems
2023-01-13 09:28:30 [8@canatiba]
Interno #1: Executar closeticket
2023-01-13 09:35:25 [8@canatiba]
Interno #1: Executar alertnotclosed
2023-01-13 09:42:14 [8@canatiba]
Interno #1: Executar temp
2023-01-13 09:55:16 [8@canatiba]
Interno #1: Executar contract
2023-01-13 10:08:06 [8@canatiba]
Interno #1: Executar infocom
2023-01-13 10:13:59 [8@canatiba]
Interno #1: Executar session
2023-01-13 10:22:29 [8@canatiba]
Interno #1: Executar createinquest
2023-01-13 10:31:38 [8@canatiba]
Interno #1: Executar watcher
2023-01-13 10:36:51 [8@canatiba]
Interno #1: Executar queuednotificationclean
2023-01-13 10:41:54 [8@canatiba]
Interno #1: Executar olaticket
2023-01-13 10:47:06 [8@canatiba]
Interno #1: Executar slaticket
2023-01-13 10:56:30 [8@canatiba]
Interno #1: Executar planningrecall
2023-01-13 11:01:57 [8@canatiba]
Interno #1: Executar mailgate
2023-01-13 11:07:12 [8@canatiba]
Interno #1: Executar queuednotification
2023-01-13 11:14:49 [8@canatiba]
Interno #1: Executar graph
2023-01-13 11:33:43 [8@canatiba]
Interno #1: Executar reservation
2023-01-13 11:39:30 [8@canatiba]
Interno #1: Executar RecurrentItems
2023-01-13 11:46:41 [8@canatiba]
Interno #1: Executar temp
2023-01-13 11:52:14 [8@canatiba]
Interno #1: Executar olaticket
2023-01-13 11:57:41 [8@canatiba]
Interno #1: Executar slaticket
2023-01-13 12:02:53 [8@canatiba]
Interno #1: Executar planningrecall
2023-01-13 12:08:15 [@canatiba]
Interno #1: Executar queuednotification
2023-01-13 12:08:22 [@canatiba]
Interno #1: Executar mailgate
2023-01-13 12:08:52 [@canatiba]
Ocorreu um erro ao tentar conectar ao coletor.<br/>cannot connect to host; error = stream_socket_client(): Unable to connect to tcp://outlook.office365.com:143 (Connection timed out) (errno = 0 )
2023-01-13 13:18:26 [@canatiba]
Interno #1: Executar olaticket
2023-01-13 13:18:32 [@canatiba]
Interno #1: Executar slaticket
2023-01-13 13:18:34 [@canatiba]
Interno #1: Executar planningrecall
2023-01-13 13:22:13 [8@canatiba]
Interno #1: Executar queuednotification
2023-01-13 13:36:52 [8@canatiba]
Interno #1: Executar graph
2023-01-13 13:42:00 [8@canatiba]
Interno #1: Executar mailgate
2023-01-13 13:42:30 [8@canatiba]
Ocorreu um erro ao tentar conectar ao coletor.<br/>cannot connect to host; error = stream_socket_client(): Unable to connect to tcp://outlook.office365.com:143 (Connection timed out) (errno = 0 )
2023-01-13 15:20:37 [8@canatiba]
Interno #1: Executar reservation
2023-01-13 15:34:49 [8@canatiba]
Interno #1: Executar RecurrentItems
2023-01-13 15:43:55 [8@canatiba]
Interno #1: Executar temp
2023-01-13 15:53:30 [8@canatiba]
Interno #1: Executar slaticket
2023-01-13 15:58:41 [8@canatiba]
Interno #1: Executar planningrecall
2023-01-13 16:04:40 [8@canatiba]
Interno #1: Executar queuednotification
2023-01-13 16:12:17 [8@canatiba]
Interno #1: Executar mailgate
2023-01-13 16:12:47 [@canatiba]
Interno #1: Executar graph
2023-01-13 16:12:51 [@canatiba]
Interno #1: Executar slaticket
2023-01-13 16:12:51 [@canatiba]
Interno #1: Executar planningrecall
2023-01-13 16:15:20 [@canatiba]
Interno #1: Executar queuednotification
2023-01-13 16:15:53 [@canatiba]
Interno #1: Nada a ser executado
2023-01-13 16:16:49 [@canatiba]
Interno #1: Executar queuednotification
2023-01-13 16:16:51 [@canatiba]
Interno #1: Nada a ser executado
2023-01-13 16:16:52 [@canatiba]
Interno #1: Nada a ser executado
2023-01-13 16:17:58 [@canatiba]
Interno #1: Executar slaticket
2023-01-13 16:20:03 [@canatiba]
Interno #1: Executar planningrecall
2023-01-13 16:20:13 [@canatiba]
Interno #1: Executar queuednotification
2023-01-13 16:21:03 [@canatiba]
Interno #1: Executar reservation
2023-01-13 16:21:04 [@canatiba]
Interno #1: Executar queuednotification
2023-01-13 16:22:06 [@canatiba]
Interno #1: Executar mailgate
2023-01-13 16:22:11 [@canatiba]
Interno #1: Executar slaticket
2023-01-13 16:23:02 [@canatiba]
Interno #1: Executar queuednotification
2023-01-13 16:23:49 [@canatiba]
Interno #1: Nada a ser executado
2023-01-13 16:24:30 [@canatiba]
Interno #1: Executar queuednotification
2023-01-13 16:25:31 [@canatiba]
Interno #1: Executar planningrecall
2023-01-13 16:26:18 [@canatiba]
Interno #1: Executar queuednotification
2023-01-13 16:26:39 [@canatiba]
Interno #1: Nada a ser executado
2023-01-13 16:28:52 [@canatiba]
Interno #1: Executar slaticket
2023-01-13 16:29:31 [@canatiba]
Interno #1: Executar queuednotification
2023-01-13 16:34:57 [8@canatiba]
Interno #1: Executar planningrecall
2023-01-13 16:41:16 [8@canatiba]
Interno #1: Executar queuednotification
2023-01-13 16:51:05 [8@canatiba]
Interno #1: Executar mailgate
2023-01-13 16:52:19 [@canatiba]
Interno #1: Executar slaticket
2023-01-13 16:52:40 [@canatiba]
Interno #1: Executar RecurrentItems
2023-01-13 16:57:59 [8@canatiba]
Interno #1: Executar planningrecall
2023-01-13 17:04:34 [8@canatiba]
Interno #1: Executar queuednotification
2023-01-13 17:09:35 [8@canatiba]
Interno #1: Executar temp
2023-01-13 17:16:22 [8@canatiba]
Interno #1: Executar mailgateerror
2023-01-13 17:25:45 [8@canatiba]
Interno #1: Executar slaticket
2023-01-13 17:29:59 [@canatiba]
Interno #1: Executar mailgate
2023-01-16 08:19:11 [@canatiba]
Interno #1: Executar planningrecall
2023-01-18 08:45:25 [@canatiba]
Interno #1: Executar queuednotification
2023-01-18 08:50:56 [8@canatiba]
Interno #1: Executar graph
2023-01-18 08:56:50 [8@canatiba]
Interno #1: Executar reservation
2023-01-18 09:08:44 [8@canatiba]
Interno #1: Executar slaticket
2023-01-18 09:18:12 [8@canatiba]
Interno #1: Executar mailgate
2023-01-18 09:23:33 [8@canatiba]
Interno #1: Executar RecurrentItems
2023-01-18 09:28:41 [8@canatiba]
Interno #1: Executar temp
2023-01-18 11:08:19 [8@canatiba]
Interno #1: Executar closeticket
2023-01-18 11:21:20 [8@canatiba]
Interno #1: Executar alertnotclosed
2023-01-18 11:31:54 [8@canatiba]
Interno #1: Executar contract
2023-01-18 11:43:37 [8@canatiba]
Interno #1: Executar infocom
2023-01-18 11:52:01 [8@canatiba]
Interno #1: Executar session
2023-01-18 11:54:49 [@canatiba]
Interno #1: Executar watcher
2023-01-18 11:55:59 [@canatiba]
Interno #1: Executar queuednotificationclean
2023-01-18 16:48:08 [@canatiba]
Interno #1: Executar mailgateerror
2023-01-20 13:19:11 [@canatiba]
Interno #1: Executar planningrecall
2023-01-23 15:00:16 [@canatiba]
Interno #1: Executar queuednotification
2023-01-26 09:45:29 [@canatiba]
Interno #1: Executar slaticket
2023-01-26 14:29:22 [@canatiba]
Interno #1: Executar mailgate
2023-02-07 16:50:13 [@canatiba]
Interno #1: Executar graph
2023-02-09 16:43:11 [@canatiba]
Interno #1: Executar reservation
2023-02-13 07:26:00 [@canatiba]
Interno #1: Executar RecurrentItems
2023-02-14 14:41:55 [@canatiba]
Interno #1: Executar temp
2023-02-17 17:37:27 [@canatiba]
Interno #1: Executar closeticket
2023-02-21 13:12:23 [@canatiba]
Interno #1: Executar alertnotclosed
2023-03-19 06:41:34 [@canatiba]
Interno #1: Executar contract
2023-03-20 08:26:08 [@canatiba]
Interno #1: Executar infocom
2023-03-20 08:29:42 [@canatiba]
Interno #1: Executar session
2023-03-20 09:09:40 [@canatiba]
Interno #1: Executar watcher
2023-03-20 09:13:29 [@canatiba]
Interno #1: Executar queuednotificationclean
2023-03-20 09:13:39 [@canatiba]
Interno #1: Executar mailgateerror
2023-03-20 09:13:50 [@canatiba]
Interno #1: Executar planningrecall
2023-03-20 09:23:07 [@canatiba]
Interno #1: Executar queuednotification
2023-03-20 09:23:25 [@canatiba]
Interno #1: Executar slaticket
2023-03-20 15:41:28 [@canatiba]
Interno #1: Executar mailgate
2023-03-20 15:43:04 [@canatiba]
Interno #1: Executar graph
2023-03-20 15:43:25 [@canatiba]
Interno #1: Executar reservation
2023-03-20 15:44:16 [@canatiba]
Interno #1: Executar RecurrentItems
2023-03-20 15:45:01 [@canatiba]
Interno #1: Executar temp
2023-03-20 15:48:56 [@canatiba]
Interno #1: Executar closeticket
2023-03-20 15:49:12 [@canatiba]
Interno #1: Executar alertnotclosed
2023-03-20 15:49:28 [@canatiba]
Interno #1: Executar contract
2023-03-20 15:50:34 [@canatiba]
Interno #1: Executar planningrecall
2023-03-20 15:50:50 [@canatiba]
Interno #1: Executar queuednotification
2023-03-20 15:52:00 [@canatiba]
Interno #1: Executar slaticket
2023-03-20 15:52:28 [@canatiba]
Interno #1: Executar mailgate
2023-03-20 15:52:41 [@canatiba]
Interno #1: Executar queuednotification
2023-03-20 16:01:19 [@canatiba]
Interno #1: Executar queuednotification
2023-03-20 16:01:21 [@canatiba]
Interno #1: Executar planningrecall
2023-03-20 16:01:39 [@canatiba]
Interno #1: Executar slaticket
2023-03-20 16:02:22 [@canatiba]
Interno #1: Executar mailgate
2023-03-20 16:02:31 [@canatiba]
Interno #1: Executar queuednotification
2023-03-20 16:02:43 [@canatiba]
Interno #1: Nada a ser executado
2023-03-20 16:02:52 [@canatiba]
Interno #1: Nada a ser executado
2023-03-20 16:03:05 [@canatiba]
Interno #1: Executar queuednotification
2023-03-20 16:03:36 [@canatiba]
Interno #1: Nada a ser executado
2023-03-20 16:03:55 [@canatiba]
Interno #1: Nada a ser executado
2023-03-20 16:04:02 [@canatiba]
Interno #1: Executar queuednotification
2023-03-20 16:04:12 [@canatiba]
Interno #1: Nada a ser executado
2023-03-20 16:04:25 [@canatiba]
Interno #1: Nada a ser executado
2023-03-20 16:05:17 [@canatiba]
Interno #1: Executar queuednotification
2023-03-20 16:05:48 [@canatiba]
Interno #1: Nada a ser executado
2023-03-20 16:06:06 [@canatiba]
Interno #1: Executar slaticket
2023-03-20 16:06:14 [@canatiba]
Interno #1: Executar planningrecall
2023-03-20 16:06:48 [@canatiba]
Interno #1: Executar queuednotification
2023-03-20 16:07:21 [@canatiba]
Interno #1: Executar queuednotification
2023-03-20 16:08:31 [@canatiba]
Interno #1: Executar queuednotification
2023-03-20 16:09:38 [@canatiba]
Interno #1: Executar queuednotification
2023-03-20 16:09:50 [@canatiba]
Interno #1: Nada a ser executado
2023-03-20 16:10:10 [@canatiba]
Interno #1: Executar queuednotification
2023-03-20 16:10:28 [@canatiba]
Interno #1: Nada a ser executado
2023-03-20 16:10:46 [@canatiba]
Interno #1: Nada a ser executado
2023-03-20 16:10:56 [@canatiba]
Interno #1: Nada a ser executado
2023-03-20 16:11:08 [@canatiba]
Interno #1: Executar slaticket
2023-03-20 16:11:21 [@canatiba]
Interno #1: Executar planningrecall
2023-03-20 16:11:32 [@canatiba]
Interno #1: Executar queuednotification
2023-03-20 16:11:46 [@canatiba]
Interno #1: Nada a ser executado
2023-03-20 16:15:02 [@canatiba]
Interno #1: Executar mailgate
2023-03-20 17:16:13 [@canatiba]
Interno #1: Executar queuednotification
2023-03-20 17:16:27 [@canatiba]
Interno #1: Executar slaticket
2023-03-20 17:16:47 [@canatiba]
Interno #1: Executar planningrecall
2023-03-20 17:16:59 [@canatiba]
Interno #1: Executar mailgate
2023-03-20 17:17:24 [@canatiba]
Interno #1: Executar graph
2023-03-20 17:20:59 [@canatiba]
Interno #1: Executar reservation
2023-03-20 17:24:23 [8@canatiba]
Interno #1: Executar RecurrentItems
2023-03-20 17:26:34 [@canatiba]
Interno #1: Executar temp
2023-03-20 17:30:03 [8@canatiba]
Interno #1: Executar queuednotification
2023-03-20 17:38:05 [8@canatiba]
Interno #1: Executar slaticket
2023-03-21 08:22:11 [8@canatiba]
Interno #1: Executar planningrecall
2023-03-21 08:27:29 [8@canatiba]
Interno #1: Executar mailgate
2023-03-21 08:32:44 [8@canatiba]
Interno #1: Executar queuednotification
2023-03-21 08:38:39 [8@canatiba]
Interno #1: Executar slaticket
2023-03-21 08:46:04 [8@canatiba]
Interno #1: Executar graph
2023-03-21 09:17:49 [8@canatiba]
Interno #1: Executar reservation
2023-03-21 09:24:46 [8@canatiba]
Interno #1: Executar RecurrentItems
2023-03-21 09:29:57 [8@canatiba]
Interno #1: Executar temp
2023-03-21 09:51:22 [8@canatiba]
Interno #1: Executar closeticket
2023-03-21 09:57:32 [8@canatiba]
Interno #1: Executar alertnotclosed
2023-03-21 10:02:42 [8@canatiba]
Interno #1: Executar infocom
2023-03-21 10:08:17 [8@canatiba]
Interno #1: Executar planningrecall
2023-03-21 10:13:29 [8@canatiba]
Interno #1: Executar session
2023-03-21 10:18:29 [8@canatiba]
Interno #1: Executar queuednotification
2023-03-21 10:49:34 [8@canatiba]
Interno #1: Executar mailgate
2023-03-21 10:55:20 [8@canatiba]
Interno #1: Executar slaticket
2023-03-21 11:00:23 [8@canatiba]
Interno #1: Executar watcher
2023-03-21 11:05:40 [8@canatiba]
Interno #1: Executar queuednotificationclean
2023-03-21 11:17:15 [8@canatiba]
Interno #1: Executar mailgateerror
2023-03-21 13:49:11 [8@canatiba]
Interno #1: Executar graph
2023-03-21 13:57:40 [8@canatiba]
Interno #1: Executar planningrecall
2023-03-21 14:13:35 [8@canatiba]
Interno #1: Executar reservation
2023-03-21 14:18:46 [8@canatiba]
Interno #1: Executar queuednotification
2023-03-21 14:28:38 [8@canatiba]
Interno #1: Executar RecurrentItems
2023-03-21 14:34:53 [8@canatiba]
Interno #1: Executar temp
2023-03-21 14:39:58 [8@canatiba]
Interno #1: Executar mailgate
2023-03-21 14:53:04 [8@canatiba]
Interno #1: Executar slaticket
2023-03-21 15:00:38 [8@canatiba]
Interno #1: Executar planningrecall
2023-03-21 15:05:48 [8@canatiba]
Interno #1: Executar queuednotification
2023-03-21 15:14:06 [8@canatiba]
Interno #1: Executar mailgate
2023-03-21 15:18:11 [@canatiba]
Interno #1: Executar graph
2023-03-21 15:20:52 [@canatiba]
Interno #1: Executar slaticket
2023-03-21 16:08:40 [8@canatiba]
Interno #1: Executar planningrecall
2023-03-22 07:34:58 [8@canatiba]
Interno #1: Executar queuednotification
2023-03-22 09:35:07 [8@canatiba]
Interno #1: Executar reservation
2023-03-22 10:18:38 [8@canatiba]
Interno #1: Executar mailgate
2023-03-22 13:15:35 [8@canatiba]
Interno #1: Executar slaticket
2023-03-22 13:22:29 [8@canatiba]
Interno #1: Executar RecurrentItems
2023-03-22 13:27:31 [8@canatiba]
Interno #1: Executar temp
2023-03-22 13:35:31 [8@canatiba]
Interno #1: Executar contract
2023-03-22 13:41:11 [8@canatiba]
Interno #1: Executar planningrecall
2023-03-22 13:49:56 [8@canatiba]
Interno #1: Executar graph
2023-03-22 13:56:23 [8@canatiba]
Interno #1: Executar closeticket
2023-03-22 14:02:40 [8@canatiba]
Interno #1: Executar alertnotclosed
2023-03-22 14:13:01 [8@canatiba]
Interno #1: Executar queuednotification
2023-03-22 14:18:06 [8@canatiba]
Interno #1: Executar infocom
2023-03-22 14:23:57 [8@canatiba]
Interno #1: Executar session
2023-03-22 14:29:50 [8@canatiba]
Interno #1: Executar mailgate
2023-03-22 14:36:02 [8@canatiba]
Interno #1: Executar reservation
2023-03-22 14:48:19 [8@canatiba]
Interno #1: Executar watcher
2023-03-22 14:55:57 [8@canatiba]
Interno #1: Executar queuednotificationclean
2023-03-22 15:01:19 [8@canatiba]
Interno #1: Executar mailgateerror
2023-03-22 15:22:29 [8@canatiba]
Interno #1: Executar slaticket
2023-03-22 15:27:35 [8@canatiba]
Interno #1: Executar planningrecall
2023-03-22 15:32:42 [8@canatiba]
Interno #1: Executar queuednotification
2023-03-22 15:32:42 [8@canatiba]
Erro ao enviar o e-mail<br/>Could not instantiate mail function.
2023-03-22 16:41:01 [8@canatiba]
Interno #1: Executar RecurrentItems
2023-03-22 16:49:23 [8@canatiba]
Interno #1: Executar temp
2023-03-22 16:54:41 [8@canatiba]
Interno #1: Executar mailgate
2023-03-22 17:10:49 [8@canatiba]
Interno #1: Executar graph
2023-03-22 17:19:52 [8@canatiba]
Interno #1: Executar slaticket
2023-03-22 17:27:02 [8@canatiba]
Interno #1: Executar planningrecall
2023-03-22 17:32:03 [8@canatiba]
Interno #1: Executar queuednotification
2023-03-22 17:32:03 [8@canatiba]
Erro ao enviar o e-mail<br/>Could not instantiate mail function.
2023-03-22 17:37:10 [8@canatiba]
Interno #1: Executar reservation
2023-03-23 08:14:52 [8@canatiba]
Interno #1: Executar mailgate
2023-03-23 08:15:33 [@canatiba]
Interno #1: Executar slaticket
2023-03-23 08:16:21 [@canatiba]
Interno #1: Executar planningrecall
2023-03-23 08:16:55 [@canatiba]
Interno #1: Executar queuednotification
2023-03-23 08:16:55 [@canatiba]
Erro ao enviar o e-mail<br/>Could not instantiate mail function.
2023-03-23 08:50:49 [228@canatiba]
Interno #1: Executar RecurrentItems
2023-03-23 08:55:14 [8@canatiba]
Interno #1: Executar temp
2023-03-23 08:57:56 [@canatiba]
Interno #1: Executar graph
2023-03-23 09:00:43 [8@canatiba]
Interno #1: Executar reservation
2023-03-23 09:46:54 [228@canatiba]
Interno #1: Executar closeticket
2023-03-23 10:57:15 [@canatiba]
Interno #1: Executar alertnotclosed
2023-03-23 10:57:34 [@canatiba]
Interno #1: Executar queuednotification
2023-03-23 10:57:34 [@canatiba]
Erro ao enviar o e-mail<br/>Could not instantiate mail function.
2023-03-23 11:04:46 [227@canatiba]
Interno #1: Executar slaticket
2023-03-23 11:05:09 [8@canatiba]
Interno #1: Executar planningrecall
2023-03-23 11:10:12 [8@canatiba]
Interno #1: Executar mailgate
2023-03-23 11:14:51 [227@canatiba]
Interno #1: Executar RecurrentItems
2023-03-23 11:15:34 [8@canatiba]
Interno #1: Executar temp
2023-03-23 11:17:17 [228@canatiba]
Interno #1: Executar graph
2023-03-23 11:21:31 [8@canatiba]
Interno #1: Executar reservation
2023-03-23 11:22:32 [228@canatiba]
Interno #1: Executar queuednotification
2023-03-23 11:22:32 [228@canatiba]
Erro ao enviar o e-mail<br/>Could not instantiate mail function.
2023-03-23 12:52:03 [8@canatiba]
Interno #1: Executar slaticket
2023-03-23 12:58:06 [8@canatiba]
Interno #1: Executar planningrecall
2023-03-23 13:03:39 [8@canatiba]
Interno #1: Executar mailgate
2023-03-23 13:08:49 [8@canatiba]
Interno #1: Executar queuednotification
2023-03-23 13:08:49 [8@canatiba]
Erro ao enviar o e-mail<br/>Could not instantiate mail function.
2023-03-23 13:13:50 [8@canatiba]
Interno #1: Executar RecurrentItems
2023-03-23 14:26:26 [8@canatiba]
Interno #1: Executar temp
2023-03-23 14:55:13 [228@canatiba]
Interno #1: Executar graph
2023-03-23 15:00:34 [@canatiba]
Interno #1: Executar reservation
2023-03-23 15:07:19 [8@canatiba]
Interno #1: Executar slaticket
2023-03-23 15:10:15 [@canatiba]
Interno #1: Executar planningrecall
2023-03-23 15:13:20 [228@canatiba]
Interno #1: Executar queuednotification
2023-03-23 15:13:59 [@canatiba]
Interno #1: Executar mailgate
2023-03-23 15:15:36 [8@canatiba]
Interno #1: Executar contract
2023-03-23 15:19:04 [227@canatiba]
Interno #1: Executar RecurrentItems
2023-03-23 15:19:10 [228@canatiba]
Interno #1: Executar infocom
2023-03-23 15:20:08 [@canatiba]
Interno #1: Executar session
2023-03-23 15:21:07 [@canatiba]
Interno #1: Executar watcher
2023-03-23 15:21:11 [@canatiba]
Interno #1: Executar queuednotificationclean
2023-03-23 15:21:20 [@canatiba]
Interno #1: Executar mailgateerror
2023-03-23 15:21:38 [@canatiba]
Interno #1: Executar slaticket
2023-03-23 15:21:43 [@canatiba]
Interno #1: Executar queuednotification
2023-03-23 15:21:43 [@canatiba]
Erro ao enviar o e-mail<br/>Could not instantiate mail function.
2023-03-23 15:21:43 [@canatiba]
Erro ao enviar o e-mail<br/>Could not instantiate mail function.
2023-03-23 15:21:43 [@canatiba]
Erro ao enviar o e-mail<br/>Could not instantiate mail function.
2023-03-23 15:21:43 [@canatiba]
Erro ao enviar o e-mail<br/>Could not instantiate mail function.
2023-03-23 15:22:31 [@canatiba]
Interno #1: Executar planningrecall
2023-03-23 15:23:18 [@canatiba]
Interno #1: Executar queuednotification
2023-03-23 15:23:18 [@canatiba]
Erro ao enviar o e-mail<br/>Could not instantiate mail function.
2023-03-23 15:23:18 [@canatiba]
Erro ao enviar o e-mail<br/>Could not instantiate mail function.
2023-03-23 15:23:18 [@canatiba]
Erro ao enviar o e-mail<br/>Could not instantiate mail function.
2023-03-23 15:23:18 [@canatiba]
Erro ao enviar o e-mail<br/>Could not instantiate mail function.
2023-03-23 15:23:54 [@canatiba]
Interno #1: Executar mailgate
2023-03-23 15:24:26 [@canatiba]
Interno #1: Executar queuednotification
2023-03-23 15:24:26 [@canatiba]
Erro ao enviar o e-mail<br/>Could not instantiate mail function.
2023-03-23 15:24:26 [@canatiba]
Erro ao enviar o e-mail<br/>Could not instantiate mail function.
2023-03-23 15:24:26 [@canatiba]
Erro ao enviar o e-mail<br/>Could not instantiate mail function.
2023-03-23 15:24:26 [@canatiba]
Erro ao enviar o e-mail<br/>Could not instantiate mail function.
2023-03-23 15:25:09 [@canatiba]
Interno #1: Executar queuednotification
2023-03-23 15:25:09 [@canatiba]
Erro ao enviar o e-mail<br/>Could not instantiate mail function.
2023-03-23 15:25:09 [@canatiba]
Erro ao enviar o e-mail<br/>Could not instantiate mail function.
2023-03-23 15:25:09 [@canatiba]
Erro ao enviar o e-mail<br/>Could not instantiate mail function.
2023-03-23 15:25:09 [@canatiba]
Erro ao enviar o e-mail<br/>Could not instantiate mail function.
2023-03-23 15:25:44 [@canatiba]
Interno #1: Executar UpdatePing
2023-03-23 15:26:46 [@canatiba]
Interno #1: Executar slaticket
2023-03-23 15:28:56 [@canatiba]
Interno #1: Executar queuednotification
2023-03-23 15:28:56 [@canatiba]
Erro ao enviar o e-mail<br/>Could not instantiate mail function.
2023-03-23 15:28:56 [@canatiba]
Erro ao enviar o e-mail<br/>Could not instantiate mail function.
2023-03-23 15:28:56 [@canatiba]
Erro ao enviar o e-mail<br/>Could not instantiate mail function.
2023-03-23 15:28:56 [@canatiba]
Erro ao enviar o e-mail<br/>Could not instantiate mail function.
2023-03-23 15:30:22 [227@canatiba]
Interno #1: Executar temp
2023-03-23 15:34:02 [@canatiba]
Interno #1: Executar planningrecall
2023-03-23 15:35:25 [@canatiba]
Interno #1: Executar queuednotification
2023-03-23 15:35:25 [@canatiba]
Erro ao enviar o e-mail<br/>Could not instantiate mail function.
2023-03-23 15:35:25 [@canatiba]
Erro ao enviar o e-mail<br/>Could not instantiate mail function.
2023-03-23 15:35:25 [@canatiba]
Erro ao enviar o e-mail<br/>Could not instantiate mail function.
2023-03-23 15:35:25 [@canatiba]
Erro ao enviar o e-mail<br/>Could not instantiate mail function.
2023-03-23 15:36:04 [@canatiba]
Interno #1: Executar slaticket
2023-03-23 15:36:38 [@canatiba]
Interno #1: Executar mailgate
2023-03-23 15:38:10 [@canatiba]
Interno #1: Executar queuednotification
2023-03-23 15:38:29 [@canatiba]
Interno #1: Nada a ser executado
2023-03-23 15:39:43 [@canatiba]
Interno #1: Executar planningrecall
2023-03-23 15:42:06 [@canatiba]
Interno #1: Executar queuednotification
2023-03-23 15:42:06 [@canatiba]
Erro ao enviar o e-mail<br/>Could not instantiate mail function.
2023-03-23 15:44:16 [8@canatiba]
Interno #1: Executar slaticket
2023-03-23 16:03:09 [8@canatiba]
Interno #1: Executar queuednotification
2023-03-23 16:03:09 [8@canatiba]
Erro ao enviar o e-mail<br/>Could not instantiate mail function.
2023-03-23 16:03:36 [101@canatiba]
Interno #1: Executar planningrecall
2023-03-23 16:09:19 [8@canatiba]
Interno #1: Executar mailgate
2023-03-23 16:14:48 [8@canatiba]
Interno #1: Executar slaticket
2023-03-23 16:19:50 [8@canatiba]
Interno #1: Executar graph
2023-03-23 16:25:00 [8@canatiba]
Interno #1: Executar reservation
2023-03-23 16:30:33 [@canatiba]
Interno #1: Executar queuednotification
2023-03-23 16:30:33 [@canatiba]
Erro ao enviar o e-mail<br/>Could not instantiate mail function.
2023-03-23 16:30:55 [8@canatiba]
Interno #1: Executar planningrecall
2023-03-23 16:36:43 [8@canatiba]
Interno #1: Executar mailgate
2023-03-23 16:47:58 [8@canatiba]
Interno #1: Executar slaticket
2023-03-23 16:52:32 [228@canatiba]
Interno #1: Executar RecurrentItems
2023-03-23 16:53:39 [8@canatiba]
Interno #1: Executar temp
2023-03-23 17:04:14 [227@canatiba]
Interno #1: Executar queuednotification
2023-03-23 17:04:14 [227@canatiba]
Erro ao enviar o e-mail<br/>Could not instantiate mail function.
2023-03-23 17:04:14 [227@canatiba]
Erro ao enviar o e-mail<br/>Could not instantiate mail function.
2023-03-23 17:04:14 [227@canatiba]
Erro ao enviar o e-mail<br/>Could not instantiate mail function.
2023-03-23 17:04:14 [227@canatiba]
Erro ao enviar o e-mail<br/>Could not instantiate mail function.
2023-03-23 17:05:43 [228@canatiba]
Interno #1: Executar planningrecall
2023-03-23 17:08:16 [8@canatiba]
Interno #1: Executar mailgate
2023-03-23 17:14:41 [@canatiba]
Interno #1: Executar slaticket
2023-03-23 17:23:26 [@canatiba]
Interno #1: Executar queuednotification
2023-03-23 17:23:26 [@canatiba]
Erro ao enviar o e-mail<br/>Could not instantiate mail function.
2023-03-23 17:23:26 [@canatiba]
Erro ao enviar o e-mail<br/>Could not instantiate mail function.
2023-03-23 17:23:26 [@canatiba]
Erro ao enviar o e-mail<br/>Could not instantiate mail function.
2023-03-23 17:23:26 [@canatiba]
Erro ao enviar o e-mail<br/>Could not instantiate mail function.
2023-03-23 17:23:26 [@canatiba]
Erro ao enviar o e-mail<br/>Could not instantiate mail function.
2023-03-23 17:25:08 [228@canatiba]
Interno #1: Executar planningrecall
2023-03-23 17:27:08 [227@canatiba]
Interno #1: Executar mailgate
2023-03-23 17:28:02 [@canatiba]
Interno #1: Executar graph
2023-03-24 08:19:54 [@canatiba]
Interno #1: Executar slaticket
2023-03-24 09:01:43 [227@canatiba]
Interno #1: Executar queuednotification
2023-03-24 09:01:43 [227@canatiba]
Erro ao enviar o e-mail<br/>Could not instantiate mail function.
2023-03-24 09:01:43 [227@canatiba]
Erro ao enviar o e-mail<br/>Could not instantiate mail function.
2023-03-24 09:01:43 [227@canatiba]
Erro ao enviar o e-mail<br/>Could not instantiate mail function.
2023-03-24 09:01:43 [227@canatiba]
Erro ao enviar o e-mail<br/>Could not instantiate mail function.
2023-03-24 09:01:43 [227@canatiba]
Erro ao enviar o e-mail<br/>Could not instantiate mail function.
2023-03-24 09:01:43 [227@canatiba]
Erro ao enviar o e-mail<br/>Could not instantiate mail function.
2023-03-24 09:05:46 [8@canatiba]
Interno #1: Executar reservation
2023-03-24 09:09:45 [@canatiba]
Interno #1: Executar planningrecall
2023-03-24 10:04:37 [@canatiba]
Interno #1: Executar mailgate
2023-03-24 10:04:42 [@canatiba]
Interno #1: Executar RecurrentItems
2023-03-24 10:09:23 [@canatiba]
Interno #1: Executar temp
2023-03-24 10:09:27 [@canatiba]
Interno #1: Executar graph
2023-03-24 10:09:29 [@canatiba]
Interno #1: Executar closeticket
2023-03-24 10:16:49 [@canatiba]
Interno #1: Executar alertnotclosed
2023-03-24 10:16:52 [@canatiba]
Interno #1: Executar slaticket
2023-03-24 10:17:42 [@canatiba]
Interno #1: Executar queuednotification
2023-03-24 10:17:42 [@canatiba]
Erro ao enviar o e-mail<br/>Could not instantiate mail function.
2023-03-24 10:17:42 [@canatiba]
Erro ao enviar o e-mail<br/>Could not instantiate mail function.
2023-03-24 10:17:42 [@canatiba]
Erro ao enviar o e-mail<br/>Could not instantiate mail function.
2023-03-24 10:17:42 [@canatiba]
Erro ao enviar o e-mail<br/>Could not instantiate mail function.
2023-03-24 10:17:42 [@canatiba]
Erro ao enviar o e-mail<br/>Could not instantiate mail function.
2023-03-24 10:18:32 [@canatiba]
Interno #1: Executar planningrecall
2023-03-24 10:19:01 [@canatiba]
Interno #1: Executar reservation
2023-03-24 10:20:11 [@canatiba]
Interno #1: Executar mailgate
2023-03-24 10:22:04 [@canatiba]
Interno #1: Executar queuednotification
2023-03-24 10:22:04 [@canatiba]
Erro ao enviar o e-mail<br/>Could not instantiate mail function.
2023-03-24 10:22:04 [@canatiba]
Erro ao enviar o e-mail<br/>Could not instantiate mail function.
2023-03-24 10:22:04 [@canatiba]
Erro ao enviar o e-mail<br/>Could not instantiate mail function.
2023-03-24 10:22:04 [@canatiba]
Erro ao enviar o e-mail<br/>Could not instantiate mail function.
2023-03-24 10:22:04 [@canatiba]
Erro ao enviar o e-mail<br/>Could not instantiate mail function.
2023-03-24 10:30:18 [@canatiba]
Interno #1: Executar slaticket
2023-03-24 10:31:05 [@canatiba]
Interno #1: Executar planningrecall
2023-03-24 10:31:15 [@canatiba]
Interno #1: Executar queuednotification
2023-03-24 10:31:15 [@canatiba]
Erro ao enviar o e-mail<br/>Could not instantiate mail function.
2023-03-24 10:31:15 [@canatiba]
Erro ao enviar o e-mail<br/>Could not instantiate mail function.
2023-03-24 10:31:15 [@canatiba]
Erro ao enviar o e-mail<br/>Could not instantiate mail function.
2023-03-24 10:31:15 [@canatiba]
Erro ao enviar o e-mail<br/>Could not instantiate mail function.
2023-03-24 10:31:16 [@canatiba]
Erro ao enviar o e-mail<br/>Could not instantiate mail function.
2023-03-24 10:31:33 [@canatiba]
Interno #1: Executar mailgate
2023-03-24 10:31:34 [@canatiba]
Interno #1: Nada a ser executado
2023-03-24 10:31:36 [@canatiba]
Interno #1: Nada a ser executado
2023-03-24 10:51:56 [@canatiba]
Interno #1: Executar queuednotification
2023-03-24 10:51:56 [@canatiba]
Erro ao enviar o e-mail<br/>Could not instantiate mail function.
2023-03-24 10:51:56 [@canatiba]
Erro ao enviar o e-mail<br/>Could not instantiate mail function.
2023-03-24 10:52:56 [@canatiba]
Interno #1: Executar slaticket
2023-03-24 11:52:42 [@canatiba]
Interno #1: Executar planningrecall
2023-03-24 12:00:19 [@canatiba]
Interno #1: Executar mailgate
2023-03-24 14:36:08 [@canatiba]
Interno #1: Executar queuednotification
2023-03-24 14:36:08 [@canatiba]
Erro ao enviar o e-mail<br/>Could not instantiate mail function.
2023-03-24 14:36:10 [@canatiba]
Interno #1: Executar slaticket
2023-03-24 14:36:13 [@canatiba]
Interno #1: Executar RecurrentItems
2023-03-24 15:10:21 [@canatiba]
Interno #1: Executar graph
2023-03-24 15:14:35 [@canatiba]
Interno #1: Executar temp
2023-03-24 15:16:13 [@canatiba]
Interno #1: Executar reservation
2023-03-24 15:16:54 [@canatiba]
Interno #1: Executar planningrecall
2023-03-24 15:17:39 [@canatiba]
Interno #1: Executar mailgate
2023-03-24 15:20:29 [@canatiba]
Interno #1: Executar queuednotification
2023-03-24 15:20:40 [@canatiba]
Interno #1: Executar slaticket
2023-03-24 15:22:20 [@canatiba]
Interno #1: Executar contract
2023-03-24 15:22:44 [@canatiba]
Interno #1: Executar infocom
2023-03-24 15:24:48 [@canatiba]
Interno #1: Executar session
2023-03-24 15:24:52 [@canatiba]
Interno #1: Executar watcher
2023-03-24 15:25:00 [@canatiba]
Interno #1: Executar planningrecall
2023-03-24 15:25:22 [@canatiba]
Interno #1: Executar queuednotification
2023-03-24 15:27:04 [@canatiba]
Interno #1: Executar queuednotificationclean
2023-03-24 15:27:28 [@canatiba]
Interno #1: Executar mailgateerror
2023-03-24 15:27:28 [@canatiba]
Interno #1: Executar slaticket
2023-03-24 15:27:30 [@canatiba]
Interno #1: Executar queuednotification
2023-03-24 15:27:54 [@canatiba]
Interno #1: Executar mailgate
2023-03-24 15:29:33 [@canatiba]
Interno #1: Executar queuednotification
2023-03-24 15:35:05 [8@canatiba]
Interno #1: Executar planningrecall
2023-03-24 15:41:01 [@canatiba]
Interno #1: Executar queuednotification
2023-03-24 15:41:13 [@canatiba]
Interno #1: Executar slaticket
2023-03-24 15:42:43 [@canatiba]
Interno #1: Executar RecurrentItems
2023-03-24 16:46:48 [8@canatiba]
Interno #1: Executar mailgate
2023-03-24 16:53:08 [8@canatiba]
Interno #1: Executar planningrecall
2023-03-24 16:58:15 [8@canatiba]
Interno #1: Executar queuednotification
2023-03-24 17:04:01 [227@canatiba]
Interno #1: Executar slaticket
2023-03-24 17:04:09 [@canatiba]
Interno #1: Executar graph
2023-03-24 17:04:12 [@canatiba]
Interno #1: Executar temp
2023-03-27 08:26:26 [8@canatiba]
Interno #1: Executar reservation
2023-03-27 08:47:36 [8@canatiba]
Interno #1: Executar RecurrentItems
2023-03-27 13:29:19 [8@canatiba]
Interno #1: Executar mailgate
2023-03-28 07:57:33 [8@canatiba]
Interno #1: Executar planningrecall
2023-03-29 07:24:50 [8@canatiba]
Interno #1: Executar queuednotification
2023-03-29 14:54:41 [8@canatiba]
Interno #1: Executar slaticket
2023-03-29 15:06:29 [8@canatiba]
Interno #1: Executar graph
2023-03-29 15:37:10 [@canatiba]
Interno #1: Executar temp
2023-03-29 15:39:06 [@canatiba]
Interno #1: Executar closeticket
2023-03-29 15:39:35 [8@canatiba]
Interno #1: Executar alertnotclosed
2023-03-29 15:47:01 [@canatiba]
Interno #1: Executar contract
2023-03-29 15:47:06 [@canatiba]
Interno #1: Executar infocom
2023-03-29 15:47:41 [8@canatiba]
Interno #1: Executar session
2023-03-29 15:53:39 [8@canatiba]
Interno #1: Executar watcher
2023-03-30 07:23:17 [8@canatiba]
Interno #1: Executar queuednotificationclean
2023-03-31 16:58:25 [8@canatiba]
Interno #1: Executar mailgateerror
2023-03-31 17:32:30 [8@canatiba]
Interno #1: Executar reservation
2023-04-04 08:03:27 [8@canatiba]
Interno #1: Executar RecurrentItems
2023-04-06 07:33:05 [8@canatiba]
Interno #1: Executar mailgate
2023-04-10 07:23:04 [8@canatiba]
Interno #1: Executar planningrecall
2023-04-10 09:45:39 [8@canatiba]
Interno #1: Executar queuednotification
2023-04-10 09:56:50 [8@canatiba]
Interno #1: Executar slaticket
2023-04-10 10:02:14 [8@canatiba]
Interno #1: Executar graph
2023-04-10 10:08:33 [8@canatiba]
Interno #1: Executar temp
2023-04-11 07:28:50 [8@canatiba]
Interno #1: Executar closeticket
2023-04-11 14:24:49 [8@canatiba]
Interno #1: Executar alertnotclosed
2023-04-11 14:41:08 [8@canatiba]
Interno #1: Executar contract
2023-04-11 14:58:49 [8@canatiba]
Interno #1: Executar infocom
2023-04-11 15:11:07 [8@canatiba]
Interno #1: Executar session
2023-04-12 07:58:08 [8@canatiba]
Interno #1: Executar watcher
2023-04-12 09:04:53 [8@canatiba]
Interno #1: Executar queuednotificationclean
2023-04-12 09:10:10 [8@canatiba]
Interno #1: Executar reservation
2023-04-12 09:15:13 [8@canatiba]
Interno #1: Executar mailgateerror
2023-04-12 09:59:21 [8@canatiba]
Interno #1: Executar RecurrentItems
2023-04-12 10:23:25 [8@canatiba]
Interno #1: Executar mailgate
2023-04-12 10:29:36 [8@canatiba]
Interno #1: Executar planningrecall
2023-04-12 15:07:30 [8@canatiba]
Interno #1: Executar queuednotification
2023-04-13 07:28:24 [8@canatiba]
Interno #1: Executar slaticket
2023-04-14 07:30:43 [8@canatiba]
Interno #1: Executar graph
2023-04-14 07:39:38 [8@canatiba]
Interno #1: Executar temp
2023-04-14 10:07:48 [8@canatiba]
Interno #1: Executar closeticket
2023-04-14 10:18:54 [8@canatiba]
Interno #1: Executar alertnotclosed
2023-04-14 10:26:01 [8@canatiba]
Interno #1: Executar reservation
2023-04-14 10:38:04 [8@canatiba]
Interno #1: Executar mailgate
2023-04-14 10:44:07 [8@canatiba]
Interno #1: Executar planningrecall
2023-04-14 10:49:20 [8@canatiba]
Interno #1: Executar RecurrentItems
2023-04-14 10:54:21 [8@canatiba]
Interno #1: Executar contract
2023-04-14 10:59:29 [8@canatiba]
Interno #1: Executar infocom
2023-04-14 11:10:53 [8@canatiba]
Interno #1: Executar queuednotification
2023-04-14 11:53:26 [8@canatiba]
Interno #1: Executar session
2023-04-14 11:58:45 [8@canatiba]
Interno #1: Executar slaticket
2023-04-16 06:50:47 [8@canatiba]
Interno #1: Executar watcher
2023-04-17 08:44:49 [8@canatiba]
Interno #1: Executar queuednotificationclean
2023-04-17 16:09:12 [8@canatiba]
Interno #1: Executar mailgateerror
2023-04-18 08:00:00 [8@canatiba]
Interno #1: Executar graph
2023-04-18 08:10:56 [8@canatiba]
Interno #1: Executar temp
2023-04-18 08:36:05 [@canatiba]
Interno #1: Executar mailgate
2023-04-18 08:36:16 [@canatiba]
Interno #1: Executar planningrecall
2023-04-18 08:41:39 [8@canatiba]
Interno #1: Executar queuednotification
2023-04-18 08:49:21 [8@canatiba]
Interno #1: Executar reservation
2023-04-18 08:50:59 [8@canatiba]
Interno #1: Executar RecurrentItems
2023-04-18 08:54:48 [8@canatiba]
Interno #1: Executar slaticket
2023-04-18 11:56:31 [8@canatiba]
Interno #1: Executar closeticket
2023-04-18 17:13:21 [8@canatiba]
Interno #1: Executar alertnotclosed
2023-04-19 07:25:15 [8@canatiba]
Interno #1: Executar contract
2023-04-19 09:09:52 [8@canatiba]
Interno #1: Executar infocom
2023-04-19 11:39:22 [8@canatiba]
Interno #1: Executar session
2023-04-20 07:45:03 [8@canatiba]
Interno #1: Executar watcher
2023-04-24 09:36:51 [8@canatiba]
Interno #1: Executar planningrecall
2023-04-25 15:24:04 [8@canatiba]
Interno #1: Executar queuednotification
2023-04-26 07:27:48 [8@canatiba]
Interno #1: Executar queuednotificationclean
2023-04-26 08:36:24 [8@canatiba]
Interno #1: Executar mailgate
2023-04-27 09:41:23 [8@canatiba]
Interno #1: Executar slaticket
2023-04-28 09:34:48 [8@canatiba]
Interno #1: Executar graph
2023-04-29 15:11:43 [8@canatiba]
Interno #1: Executar temp
2023-05-02 11:52:00 [8@canatiba]
Interno #1: Executar reservation
2023-05-03 07:44:23 [8@canatiba]
Interno #1: Executar RecurrentItems
2023-05-04 13:59:51 [8@canatiba]
Interno #1: Executar mailgateerror
2023-05-04 14:16:24 [8@canatiba]
Interno #1: Executar closeticket
2023-05-04 17:08:57 [8@canatiba]
Interno #1: Executar alertnotclosed
2023-05-05 07:34:36 [8@canatiba]
Interno #1: Executar contract
2023-05-05 07:38:30 [@canatiba]
Interno #1: Executar infocom
2023-05-05 07:39:20 [@canatiba]
Interno #1: Executar session
2023-05-05 07:39:34 [@canatiba]
Interno #1: Executar watcher
2023-05-05 07:39:51 [@canatiba]
Interno #1: Executar planningrecall
2023-05-05 14:53:30 [8@canatiba]
Interno #1: Executar queuednotification
2023-05-05 16:28:44 [8@canatiba]
Interno #1: Executar mailgate
2023-05-05 16:46:50 [8@canatiba]
Interno #1: Executar queuednotificationclean
2023-05-05 17:09:28 [8@canatiba]
Interno #1: Executar slaticket
2023-05-05 17:11:38 [@canatiba]
Interno #1: Executar graph
2023-05-05 17:11:42 [@canatiba]
Interno #1: Executar temp
2023-05-05 17:11:43 [@canatiba]
Interno #1: Executar reservation
2023-05-05 17:19:12 [8@canatiba]
Interno #1: Executar RecurrentItems
2023-05-05 17:25:13 [8@canatiba]
Interno #1: Executar closeticket
2023-05-05 17:26:35 [@canatiba]
Interno #1: Executar alertnotclosed
2023-05-05 17:27:55 [@canatiba]
Interno #1: Executar planningrecall
2023-05-05 17:28:39 [@canatiba]
Interno #1: Executar mailgateerror
2023-05-05 17:31:15 [@canatiba]
Interno #1: Executar queuednotification
2023-05-05 17:34:40 [@canatiba]
Interno #1: Executar mailgate
2023-05-05 17:39:48 [@canatiba]
Interno #1: Executar slaticket
2023-05-05 17:39:51 [@canatiba]
Interno #1: Executar planningrecall
2023-05-05 17:40:00 [@canatiba]
Interno #1: Executar queuednotification
2023-05-05 17:40:35 [@canatiba]
Interno #1: Executar UpdatePing
2023-05-05 17:41:04 [@canatiba]
Interno #1: Executar queuednotification
2023-05-05 17:41:09 [@canatiba]
Interno #1: Nada a ser executado
2023-05-05 17:41:12 [@canatiba]
Interno #1: Nada a ser executado
2023-05-05 17:42:30 [@canatiba]
Interno #1: Executar queuednotification
2023-05-05 17:45:22 [@canatiba]
Interno #1: Executar queuednotification
2023-05-08 09:05:51 [@canatiba]
Interno #1: Executar mailgate
2023-05-08 10:15:07 [@canatiba]
Interno #1: Executar slaticket
2023-05-08 10:15:09 [@canatiba]
Interno #1: Executar planningrecall
2023-05-08 10:15:25 [@canatiba]
Interno #1: Executar queuednotification
2023-05-08 10:16:51 [@canatiba]
Interno #1: Executar graph
2023-05-08 10:17:47 [@canatiba]
Interno #1: Executar reservation
2023-05-08 11:09:33 [@canatiba]
Interno #1: Executar temp
2023-05-08 11:09:41 [@canatiba]
Interno #1: Executar RecurrentItems
2023-05-08 11:10:58 [@canatiba]
Interno #1: Executar closeticket
2023-05-08 11:11:02 [@canatiba]
Interno #1: Executar alertnotclosed
2023-05-08 14:20:15 [@canatiba]
Interno #1: Executar contract
2023-05-08 14:29:49 [@canatiba]
Interno #1: Executar infocom
2023-05-08 14:43:50 [@canatiba]
Interno #1: Executar session
2023-05-08 15:34:25 [@canatiba]
Interno #1: Executar watcher
