2023-03-22 15:32:42 [8@canatiba]
Atenção: um e-mail não foi entregue para leonardo.pereira@canatiba.com.br com mais 5 tentativas restantes. Mensagem: [GLPI #0000001] Novo chamado Atualização do sistema GLPI, Erro: Could not instantiate mail function.
2023-03-22 17:32:03 [8@canatiba]
Atenção: um e-mail não foi entregue para leonardo.pereira@canatiba.com.br com mais 4 tentativas restantes. Mensagem: [GLPI #0000001] Novo chamado Atualização do sistema GLPI, Erro: Could not instantiate mail function.
2023-03-23 08:16:55 [@canatiba]
Atenção: um e-mail não foi entregue para leonardo.pereira@canatiba.com.br com mais 3 tentativas restantes. Mensagem: [GLPI #0000001] Novo chamado Atualização do sistema GLPI, Erro: Could not instantiate mail function.
2023-03-23 10:57:34 [@canatiba]
Atenção: um e-mail não foi entregue para leonardo.pereira@canatiba.com.br com mais 2 tentativas restantes. Mensagem: [GLPI #0000001] Novo chamado Atualização do sistema GLPI, Erro: Could not instantiate mail function.
2023-03-23 11:22:32 [228@canatiba]
Atenção: um e-mail não foi entregue para leonardo.pereira@canatiba.com.br com mais 1 tentativas restantes. Mensagem: [GLPI #0000001] Novo chamado Atualização do sistema GLPI, Erro: Could not instantiate mail function.
2023-03-23 13:08:49 [8@canatiba]
Atenção: um e-mail não foi entregue para leonardo.pereira@canatiba.com.br com mais 0 tentativas restantes. Mensagem: [GLPI #0000001] Novo chamado Atualização do sistema GLPI, Erro: Could not instantiate mail function.
2023-03-23 13:08:49 [8@canatiba]
Erro fatal: desistindo da entrega do e-mail para leonardo.pereira@canatiba.com.br: [GLPI #0000001] Novo chamado Atualização do sistema GLPI
2023-03-23 15:21:43 [@canatiba]
Atenção: um e-mail não foi entregue para leonardo.pereira@canatiba.com.br com mais 5 tentativas restantes. Mensagem: [GLPI #0000002] Novo chamado Computador produção, Erro: Could not instantiate mail function.
2023-03-23 15:21:43 [@canatiba]
Atenção: um e-mail não foi entregue para leonardo.pereira@canatiba.com.br com mais 5 tentativas restantes. Mensagem: [GLPI #0000002] Novo acompanhamento Computador produção, Erro: Could not instantiate mail function.
2023-03-23 15:21:43 [@canatiba]
Atenção: um e-mail não foi entregue para leonardo.pereira@canatiba.com.br com mais 5 tentativas restantes. Mensagem: [GLPI #0000002] Nova tarefa Computador produção, Erro: Could not instantiate mail function.
2023-03-23 15:21:43 [@canatiba]
Atenção: um e-mail não foi entregue para leonardo.pereira@canatiba.com.br com mais 5 tentativas restantes. Mensagem: [GLPI #0000002] Novo acompanhamento Computador produção, Erro: Could not instantiate mail function.
2023-03-23 15:23:18 [@canatiba]
Atenção: um e-mail não foi entregue para leonardo.pereira@canatiba.com.br com mais 4 tentativas restantes. Mensagem: [GLPI #0000002] Novo chamado Computador produção, Erro: Could not instantiate mail function.
2023-03-23 15:23:18 [@canatiba]
Atenção: um e-mail não foi entregue para leonardo.pereira@canatiba.com.br com mais 4 tentativas restantes. Mensagem: [GLPI #0000002] Novo acompanhamento Computador produção, Erro: Could not instantiate mail function.
2023-03-23 15:23:18 [@canatiba]
Atenção: um e-mail não foi entregue para leonardo.pereira@canatiba.com.br com mais 4 tentativas restantes. Mensagem: [GLPI #0000002] Nova tarefa Computador produção, Erro: Could not instantiate mail function.
2023-03-23 15:23:18 [@canatiba]
Atenção: um e-mail não foi entregue para leonardo.pereira@canatiba.com.br com mais 4 tentativas restantes. Mensagem: [GLPI #0000002] Novo acompanhamento Computador produção, Erro: Could not instantiate mail function.
2023-03-23 15:24:26 [@canatiba]
Atenção: um e-mail não foi entregue para leonardo.pereira@canatiba.com.br com mais 3 tentativas restantes. Mensagem: [GLPI #0000002] Novo chamado Computador produção, Erro: Could not instantiate mail function.
2023-03-23 15:24:26 [@canatiba]
Atenção: um e-mail não foi entregue para leonardo.pereira@canatiba.com.br com mais 3 tentativas restantes. Mensagem: [GLPI #0000002] Novo acompanhamento Computador produção, Erro: Could not instantiate mail function.
2023-03-23 15:24:26 [@canatiba]
Atenção: um e-mail não foi entregue para leonardo.pereira@canatiba.com.br com mais 3 tentativas restantes. Mensagem: [GLPI #0000002] Nova tarefa Computador produção, Erro: Could not instantiate mail function.
2023-03-23 15:24:26 [@canatiba]
Atenção: um e-mail não foi entregue para leonardo.pereira@canatiba.com.br com mais 3 tentativas restantes. Mensagem: [GLPI #0000002] Novo acompanhamento Computador produção, Erro: Could not instantiate mail function.
2023-03-23 15:25:09 [@canatiba]
Atenção: um e-mail não foi entregue para leonardo.pereira@canatiba.com.br com mais 2 tentativas restantes. Mensagem: [GLPI #0000002] Novo chamado Computador produção, Erro: Could not instantiate mail function.
2023-03-23 15:25:09 [@canatiba]
Atenção: um e-mail não foi entregue para leonardo.pereira@canatiba.com.br com mais 2 tentativas restantes. Mensagem: [GLPI #0000002] Novo acompanhamento Computador produção, Erro: Could not instantiate mail function.
2023-03-23 15:25:09 [@canatiba]
Atenção: um e-mail não foi entregue para leonardo.pereira@canatiba.com.br com mais 2 tentativas restantes. Mensagem: [GLPI #0000002] Nova tarefa Computador produção, Erro: Could not instantiate mail function.
2023-03-23 15:25:09 [@canatiba]
Atenção: um e-mail não foi entregue para leonardo.pereira@canatiba.com.br com mais 2 tentativas restantes. Mensagem: [GLPI #0000002] Novo acompanhamento Computador produção, Erro: Could not instantiate mail function.
2023-03-23 15:28:56 [@canatiba]
Atenção: um e-mail não foi entregue para leonardo.pereira@canatiba.com.br com mais 1 tentativas restantes. Mensagem: [GLPI #0000002] Novo chamado Computador produção, Erro: Could not instantiate mail function.
2023-03-23 15:28:56 [@canatiba]
Atenção: um e-mail não foi entregue para leonardo.pereira@canatiba.com.br com mais 1 tentativas restantes. Mensagem: [GLPI #0000002] Novo acompanhamento Computador produção, Erro: Could not instantiate mail function.
2023-03-23 15:28:56 [@canatiba]
Atenção: um e-mail não foi entregue para leonardo.pereira@canatiba.com.br com mais 1 tentativas restantes. Mensagem: [GLPI #0000002] Nova tarefa Computador produção, Erro: Could not instantiate mail function.
2023-03-23 15:28:56 [@canatiba]
Atenção: um e-mail não foi entregue para leonardo.pereira@canatiba.com.br com mais 1 tentativas restantes. Mensagem: [GLPI #0000002] Novo acompanhamento Computador produção, Erro: Could not instantiate mail function.
2023-03-23 15:35:25 [@canatiba]
Atenção: um e-mail não foi entregue para leonardo.pereira@canatiba.com.br com mais 0 tentativas restantes. Mensagem: [GLPI #0000002] Novo chamado Computador produção, Erro: Could not instantiate mail function.
2023-03-23 15:35:25 [@canatiba]
Erro fatal: desistindo da entrega do e-mail para leonardo.pereira@canatiba.com.br: [GLPI #0000002] Novo chamado Computador produção
2023-03-23 15:35:25 [@canatiba]
Atenção: um e-mail não foi entregue para leonardo.pereira@canatiba.com.br com mais 0 tentativas restantes. Mensagem: [GLPI #0000002] Novo acompanhamento Computador produção, Erro: Could not instantiate mail function.
2023-03-23 15:35:25 [@canatiba]
Erro fatal: desistindo da entrega do e-mail para leonardo.pereira@canatiba.com.br: [GLPI #0000002] Novo acompanhamento Computador produção
2023-03-23 15:35:25 [@canatiba]
Atenção: um e-mail não foi entregue para leonardo.pereira@canatiba.com.br com mais 0 tentativas restantes. Mensagem: [GLPI #0000002] Nova tarefa Computador produção, Erro: Could not instantiate mail function.
2023-03-23 15:35:25 [@canatiba]
Erro fatal: desistindo da entrega do e-mail para leonardo.pereira@canatiba.com.br: [GLPI #0000002] Nova tarefa Computador produção
2023-03-23 15:35:25 [@canatiba]
Atenção: um e-mail não foi entregue para leonardo.pereira@canatiba.com.br com mais 0 tentativas restantes. Mensagem: [GLPI #0000002] Novo acompanhamento Computador produção, Erro: Could not instantiate mail function.
2023-03-23 15:35:25 [@canatiba]
Erro fatal: desistindo da entrega do e-mail para leonardo.pereira@canatiba.com.br: [GLPI #0000002] Novo acompanhamento Computador produção
2023-03-23 15:42:06 [@canatiba]
Atenção: um e-mail não foi entregue para leonardo.pereira@canatiba.com.br com mais 5 tentativas restantes. Mensagem: [GLPI #0000003] Novo chamado asfdasfda, Erro: Could not instantiate mail function.
2023-03-23 16:03:09 [8@canatiba]
Atenção: um e-mail não foi entregue para leonardo.pereira@canatiba.com.br com mais 4 tentativas restantes. Mensagem: [GLPI #0000003] Novo chamado asfdasfda, Erro: Could not instantiate mail function.
2023-03-23 16:30:33 [@canatiba]
Atenção: um e-mail não foi entregue para leonardo.pereira@canatiba.com.br com mais 3 tentativas restantes. Mensagem: [GLPI #0000003] Novo chamado asfdasfda, Erro: Could not instantiate mail function.
2023-03-23 17:04:14 [227@canatiba]
Atenção: um e-mail não foi entregue para leonardo.pereira@canatiba.com.br com mais 2 tentativas restantes. Mensagem: [GLPI #0000003] Novo chamado asfdasfda, Erro: Could not instantiate mail function.
2023-03-23 17:04:14 [227@canatiba]
Atenção: um e-mail não foi entregue para leonardo.pereira@canatiba.com.br com mais 5 tentativas restantes. Mensagem: [GLPI #0000001] Novo acompanhamento Atualização do sistema GLPI, Erro: Could not instantiate mail function.
2023-03-23 17:04:14 [227@canatiba]
Atenção: um e-mail não foi entregue para leonardo.pereira@canatiba.com.br com mais 5 tentativas restantes. Mensagem: [GLPI #0000001] Nova tarefa Atualização do sistema GLPI, Erro: Could not instantiate mail function.
2023-03-23 17:04:14 [227@canatiba]
Atenção: um e-mail não foi entregue para leonardo.pereira@canatiba.com.br com mais 5 tentativas restantes. Mensagem: [GLPI #0000001] Atualização de uma tarefa Atualização do sistema GLPI, Erro: Could not instantiate mail function.
2023-03-23 17:23:26 [@canatiba]
Atenção: um e-mail não foi entregue para leonardo.pereira@canatiba.com.br com mais 1 tentativas restantes. Mensagem: [GLPI #0000003] Novo chamado asfdasfda, Erro: Could not instantiate mail function.
2023-03-23 17:23:26 [@canatiba]
Atenção: um e-mail não foi entregue para leonardo.pereira@canatiba.com.br com mais 4 tentativas restantes. Mensagem: [GLPI #0000001] Novo acompanhamento Atualização do sistema GLPI, Erro: Could not instantiate mail function.
2023-03-23 17:23:26 [@canatiba]
Atenção: um e-mail não foi entregue para leonardo.pereira@canatiba.com.br com mais 4 tentativas restantes. Mensagem: [GLPI #0000001] Nova tarefa Atualização do sistema GLPI, Erro: Could not instantiate mail function.
2023-03-23 17:23:26 [@canatiba]
Atenção: um e-mail não foi entregue para leonardo.pereira@canatiba.com.br com mais 4 tentativas restantes. Mensagem: [GLPI #0000001] Atualização de uma tarefa Atualização do sistema GLPI, Erro: Could not instantiate mail function.
2023-03-23 17:23:26 [@canatiba]
Atenção: um e-mail não foi entregue para leonardo.pereira@canatiba.com.br com mais 5 tentativas restantes. Mensagem: [GLPI #0000002] Nova tarefa Computador produção, Erro: Could not instantiate mail function.
2023-03-24 09:01:43 [227@canatiba]
Atenção: um e-mail não foi entregue para leonardo.pereira@canatiba.com.br com mais 0 tentativas restantes. Mensagem: [GLPI #0000003] Novo chamado asfdasfda, Erro: Could not instantiate mail function.
2023-03-24 09:01:43 [227@canatiba]
Erro fatal: desistindo da entrega do e-mail para leonardo.pereira@canatiba.com.br: [GLPI #0000003] Novo chamado asfdasfda
2023-03-24 09:01:43 [227@canatiba]
Atenção: um e-mail não foi entregue para leonardo.pereira@canatiba.com.br com mais 3 tentativas restantes. Mensagem: [GLPI #0000001] Novo acompanhamento Atualização do sistema GLPI, Erro: Could not instantiate mail function.
2023-03-24 09:01:43 [227@canatiba]
Atenção: um e-mail não foi entregue para leonardo.pereira@canatiba.com.br com mais 3 tentativas restantes. Mensagem: [GLPI #0000001] Nova tarefa Atualização do sistema GLPI, Erro: Could not instantiate mail function.
2023-03-24 09:01:43 [227@canatiba]
Atenção: um e-mail não foi entregue para leonardo.pereira@canatiba.com.br com mais 3 tentativas restantes. Mensagem: [GLPI #0000001] Atualização de uma tarefa Atualização do sistema GLPI, Erro: Could not instantiate mail function.
2023-03-24 09:01:43 [227@canatiba]
Atenção: um e-mail não foi entregue para leonardo.pereira@canatiba.com.br com mais 4 tentativas restantes. Mensagem: [GLPI #0000002] Nova tarefa Computador produção, Erro: Could not instantiate mail function.
2023-03-24 09:01:43 [227@canatiba]
Atenção: um e-mail não foi entregue para leonardo.pereira@canatiba.com.br com mais 5 tentativas restantes. Mensagem: [GLPI #0000002] Atualização de uma tarefa Computador produção, Erro: Could not instantiate mail function.
2023-03-24 10:17:42 [@canatiba]
Atenção: um e-mail não foi entregue para leonardo.pereira@canatiba.com.br com mais 2 tentativas restantes. Mensagem: [GLPI #0000001] Novo acompanhamento Atualização do sistema GLPI, Erro: Could not instantiate mail function.
2023-03-24 10:17:42 [@canatiba]
Atenção: um e-mail não foi entregue para leonardo.pereira@canatiba.com.br com mais 2 tentativas restantes. Mensagem: [GLPI #0000001] Nova tarefa Atualização do sistema GLPI, Erro: Could not instantiate mail function.
2023-03-24 10:17:42 [@canatiba]
Atenção: um e-mail não foi entregue para leonardo.pereira@canatiba.com.br com mais 2 tentativas restantes. Mensagem: [GLPI #0000001] Atualização de uma tarefa Atualização do sistema GLPI, Erro: Could not instantiate mail function.
2023-03-24 10:17:42 [@canatiba]
Atenção: um e-mail não foi entregue para leonardo.pereira@canatiba.com.br com mais 3 tentativas restantes. Mensagem: [GLPI #0000002] Nova tarefa Computador produção, Erro: Could not instantiate mail function.
2023-03-24 10:17:42 [@canatiba]
Atenção: um e-mail não foi entregue para leonardo.pereira@canatiba.com.br com mais 4 tentativas restantes. Mensagem: [GLPI #0000002] Atualização de uma tarefa Computador produção, Erro: Could not instantiate mail function.
2023-03-24 10:22:04 [@canatiba]
Atenção: um e-mail não foi entregue para leonardo.pereira@canatiba.com.br com mais 1 tentativas restantes. Mensagem: [GLPI #0000001] Novo acompanhamento Atualização do sistema GLPI, Erro: Could not instantiate mail function.
2023-03-24 10:22:04 [@canatiba]
Atenção: um e-mail não foi entregue para leonardo.pereira@canatiba.com.br com mais 1 tentativas restantes. Mensagem: [GLPI #0000001] Nova tarefa Atualização do sistema GLPI, Erro: Could not instantiate mail function.
2023-03-24 10:22:04 [@canatiba]
Atenção: um e-mail não foi entregue para leonardo.pereira@canatiba.com.br com mais 1 tentativas restantes. Mensagem: [GLPI #0000001] Atualização de uma tarefa Atualização do sistema GLPI, Erro: Could not instantiate mail function.
2023-03-24 10:22:04 [@canatiba]
Atenção: um e-mail não foi entregue para leonardo.pereira@canatiba.com.br com mais 2 tentativas restantes. Mensagem: [GLPI #0000002] Nova tarefa Computador produção, Erro: Could not instantiate mail function.
2023-03-24 10:22:04 [@canatiba]
Atenção: um e-mail não foi entregue para leonardo.pereira@canatiba.com.br com mais 3 tentativas restantes. Mensagem: [GLPI #0000002] Atualização de uma tarefa Computador produção, Erro: Could not instantiate mail function.
2023-03-24 10:31:15 [@canatiba]
Atenção: um e-mail não foi entregue para leonardo.pereira@canatiba.com.br com mais 0 tentativas restantes. Mensagem: [GLPI #0000001] Novo acompanhamento Atualização do sistema GLPI, Erro: Could not instantiate mail function.
2023-03-24 10:31:15 [@canatiba]
Erro fatal: desistindo da entrega do e-mail para leonardo.pereira@canatiba.com.br: [GLPI #0000001] Novo acompanhamento Atualização do sistema GLPI
2023-03-24 10:31:15 [@canatiba]
Atenção: um e-mail não foi entregue para leonardo.pereira@canatiba.com.br com mais 0 tentativas restantes. Mensagem: [GLPI #0000001] Nova tarefa Atualização do sistema GLPI, Erro: Could not instantiate mail function.
2023-03-24 10:31:15 [@canatiba]
Erro fatal: desistindo da entrega do e-mail para leonardo.pereira@canatiba.com.br: [GLPI #0000001] Nova tarefa Atualização do sistema GLPI
2023-03-24 10:31:15 [@canatiba]
Atenção: um e-mail não foi entregue para leonardo.pereira@canatiba.com.br com mais 0 tentativas restantes. Mensagem: [GLPI #0000001] Atualização de uma tarefa Atualização do sistema GLPI, Erro: Could not instantiate mail function.
2023-03-24 10:31:15 [@canatiba]
Erro fatal: desistindo da entrega do e-mail para leonardo.pereira@canatiba.com.br: [GLPI #0000001] Atualização de uma tarefa Atualização do sistema GLPI
2023-03-24 10:31:15 [@canatiba]
Atenção: um e-mail não foi entregue para leonardo.pereira@canatiba.com.br com mais 1 tentativas restantes. Mensagem: [GLPI #0000002] Nova tarefa Computador produção, Erro: Could not instantiate mail function.
2023-03-24 10:31:16 [@canatiba]
Atenção: um e-mail não foi entregue para leonardo.pereira@canatiba.com.br com mais 2 tentativas restantes. Mensagem: [GLPI #0000002] Atualização de uma tarefa Computador produção, Erro: Could not instantiate mail function.
2023-03-24 10:51:56 [@canatiba]
Atenção: um e-mail não foi entregue para leonardo.pereira@canatiba.com.br com mais 0 tentativas restantes. Mensagem: [GLPI #0000002] Nova tarefa Computador produção, Erro: Could not instantiate mail function.
2023-03-24 10:51:56 [@canatiba]
Erro fatal: desistindo da entrega do e-mail para leonardo.pereira@canatiba.com.br: [GLPI #0000002] Nova tarefa Computador produção
2023-03-24 10:51:56 [@canatiba]
Atenção: um e-mail não foi entregue para leonardo.pereira@canatiba.com.br com mais 1 tentativas restantes. Mensagem: [GLPI #0000002] Atualização de uma tarefa Computador produção, Erro: Could not instantiate mail function.
2023-03-24 14:36:08 [@canatiba]
Atenção: um e-mail não foi entregue para leonardo.pereira@canatiba.com.br com mais 0 tentativas restantes. Mensagem: [GLPI #0000002] Atualização de uma tarefa Computador produção, Erro: Could not instantiate mail function.
2023-03-24 14:36:08 [@canatiba]
Erro fatal: desistindo da entrega do e-mail para leonardo.pereira@canatiba.com.br: [GLPI #0000002] Atualização de uma tarefa Computador produção
