2023-03-22 15:32:42 [8@canatiba]
Um e-mail para leonardo.pereira@canatiba.com.br foi adicionado à fila: [GLPI #0000001] Novo chamado Atualização do sistema GLPI
2023-03-23 15:18:02 [228@canatiba]
Um e-mail para leonardo.pereira@canatiba.com.br foi adicionado à fila: [GLPI #0000002] Novo chamado Computador produção
2023-03-23 15:19:09 [228@canatiba]
Um e-mail para leonardo.pereira@canatiba.com.br foi adicionado à fila: [GLPI #0000002] Novo acompanhamento Computador produção
2023-03-23 15:20:17 [228@canatiba]
Um e-mail para leonardo.pereira@canatiba.com.br foi adicionado à fila: [GLPI #0000002] Nova tarefa Computador produção
2023-03-23 15:20:51 [228@canatiba]
Um e-mail para leonardo.pereira@canatiba.com.br foi adicionado à fila: [GLPI #0000002] Novo acompanhamento Computador produção
2023-03-23 15:41:33 [101@canatiba]
Um e-mail para leonardo.pereira@canatiba.com.br foi adicionado à fila: [GLPI #0000003] Novo chamado asfdasfda
2023-03-23 16:34:10 [227@canatiba]
Um e-mail para leonardo.pereira@canatiba.com.br foi adicionado à fila: [GLPI #0000001] Novo acompanhamento Atualização do sistema GLPI
2023-03-23 16:34:58 [227@canatiba]
Um e-mail para leonardo.pereira@canatiba.com.br foi adicionado à fila: [GLPI #0000001] Nova tarefa Atualização do sistema GLPI
2023-03-23 17:04:14 [227@canatiba]
Um e-mail para leonardo.pereira@canatiba.com.br foi adicionado à fila: [GLPI #0000001] Atualização de uma tarefa Atualização do sistema GLPI
2023-03-23 17:05:43 [228@canatiba]
Um e-mail para leonardo.pereira@canatiba.com.br foi adicionado à fila: [GLPI #0000002] Nova tarefa Computador produção
2023-03-23 17:25:08 [228@canatiba]
Um e-mail para leonardo.pereira@canatiba.com.br foi adicionado à fila: [GLPI #0000002] Atualização de uma tarefa Computador produção
