[2023-01-13 09:23:29] glpisqllog.ERROR: DBmysql::query() in /var/www/html/glpi/src/DBmysql.php line 370
  *** MySQL query error:
  SQL: INSERT INTO `glpi_entities` (`id`, `level`, `name`, `completename`, `entities_id`, `comment`, `max_closedate`, `date_creation`, `date_mod`) VALUES ('43', '3', 'Estamparia', 'Canatiba Textil > Matriz > Estamparia', '6', '', '2023-01-13 09:23:29', '2023-01-13 09:23:29', '2023-01-13 09:23:29')
  Error: Duplicate entry '6-Estamparia' for key 'unicity'
  Backtrace :
  src/DBmysql.php:1320                               
  src/CommonDBTM.php:719                             DBmysql->insert()
  src/CommonDBTM.php:1324                            CommonDBTM->addToDB()
  front/dropdown.common.form.php:62                  CommonDBTM->add()
  front/entity.form.php:52                           include()
  {"user":"8@canatiba"} 
[2023-01-13 16:35:10] glpisqllog.ERROR: DBmysql::query() in /var/www/html/glpi/src/DBmysql.php line 370
  *** MySQL query error:
  SQL: INSERT INTO `glpi_logs` (`items_id`, `itemtype`, `itemtype_link`, `linked_action`, `user_name`, `date_mod`, `id_search_option`, `old_value`, `new_value`) VALUES ('1', 'Config', '', '0', 'Textil Canatiba (8)', '2023-01-13 16:35:10', '1', 'priority_matrix {\"1\":{\"1\":\"1\",\"2\":\"1\",\"3\":\"2\",\"4\":\"2\",\"5\":\"2\"},\"2\":{\"1\":\"1\",\"2\":\"2\",\"3\":\"2\",\"4\":\"3\",\"5\":\"3\"},\"3\":{\"1\":\"2\",\"2\":\"2\",\"3\":\"3\",\"4\":\"4\",\"5\":\"4\"},\"4\":{\"1\":\"2\",\"2\":\"3\', '{\"1\":{\"1\":\"1\",\"2\":\"1\",\"3\":\"2\",\"4\":\"2\",\"5\":\"2\"},\"2\":{\"1\":\"1\",\"2\":\"1\",\"3\":\"2\",\"4\":\"3\",\"5\":\"3\"},\"3\":{\"1\":\"2\",\"2\":\"2\",\"3\":\"3\",\"4\":\"4\",\"5\":\"4\"},\"4\":{\"1\":\"2\",\"2\":\"3\",\"3\":\"4\",\"')
  Error: You have an error in your SQL syntax; check the manual that corresponds to your MariaDB server version for the right syntax to use near '{\"1\":{\"1\":\"1\",\"2\":\"1\",\"3\":\"2\",\"4\":\"2\",\"5\":\"2\"},\"2\":{\...' at line 1
  Backtrace :
  src/DBmysql.php:1320                               
  src/Log.php:279                                    DBmysql->insert()
  src/Log.php:199                                    Log::history()
  src/Config.php:3791                                Log::constructHistory()
  src/Config.php:3761                                Config->logConfigChange()
  src/CommonDBTM.php:1719                            Config->post_updateItem()
  src/Config.php:3106                                CommonDBTM->update()
  src/Config.php:297                                 Config::setConfigurationValues()
  src/CommonDBTM.php:1593                            Config->prepareInputForUpdate()
  front/config.form.php:65                           CommonDBTM->update()
  {"user":"8@canatiba"} 
[2023-03-22 16:52:25] glpisqllog.ERROR: DBmysql::query() in /var/www/html/glpi/src/DBmysql.php line 370
  *** MySQL query error:
  SQL: ALTER TABLE `glpi_plugin_moreticket_notificationtickets` DROP FOREIGN KEY glpi_plugin_moreticket_notificationtickets_ibfk_1
  Error: Can't DROP FOREIGN KEY `glpi_plugin_moreticket_notificationtickets_ibfk_1`; check that it exists
  Backtrace :
  src/DBmysql.php:1010                               
  marketplace/moreticket/hook.php:98                 DBmysql->runFile()
  src/Plugin.php:787                                 plugin_moreticket_install()
  :                                                  Plugin->install()
  src/Marketplace/Controller.php:545                 call_user_func()
  src/Marketplace/Controller.php:435                 Glpi\Marketplace\Controller->setPluginState()
  src/Marketplace/Controller.php:179                 Glpi\Marketplace\Controller->installPlugin()
  ajax/marketplace.php:74                            Glpi\Marketplace\Controller->downloadPlugin()
  {"user":"8@canatiba"} 
[2023-03-23 16:33:51] glpisqllog.ERROR: DBmysql::query() in /var/www/html/glpi/src/DBmysql.php line 370
  *** MySQL query error:
  SQL: SELECT `id` FROM `glpi_requesttypes` WHERE `id` = '4' AND (`glpi_requesttypes`.`entities_id` = '0')
  Error: Unknown column 'glpi_requesttypes.entities_id' in 'where clause'
  Backtrace :
  src/DBmysqlIterator.php:112                        
  src/DBmysql.php:1056                               DBmysqlIterator->execute()
  src/CommonDBTM.php:385                             DBmysql->request()
  ajax/itilfollowup.php:99                           CommonDBTM->getFromDBByCrit()
  {"user":"227@canatiba"} 
[2023-05-05 17:26:34] glpisqllog.ERROR: DBmysql::query() in /var/www/html/glpi/src/DBmysql.php line 370
  *** MySQL query error:
  SQL: SHOW COLUMNS FROM `glpi_plugin_glpijccustomlogin_configs`
  Error: Table 'glpi10.glpi_plugin_glpijccustomlogin_configs' doesn't exist
  Backtrace :
  src/DBmysql.php:889                                
  src/CommonDBTM.php:611                             DBmysql->listFields()
  plugins/glpijccustomlogin/inc/config.class.php:37  CommonDBTM->getEmpty()
  plugins/glpijccustomlogin/hook.php:282             PluginGlpijccustomloginConfig::getConfig()
  plugins/glpijccustomlogin/hook.php:465             plugin_glpi10()
  src/Plugin.php:1489                                plugin_glpijccustomlogin_display_login()
  ...plication/View/Extension/PluginExtension.php:67 Plugin::doHook()
  ...tes/20/20713b8d6196abfc45d20fff285fe758.php:238 Glpi\Application\View\Extension\PluginExtension->callPluginHook()
  vendor/twig/twig/src/Template.php:171              __TwigTemplate_b72ee6829282f931afaa2ae5f61abaae->block_content_block()
  ...tes/ee/eeb69b6be1529f70264bd6da1a4664c3.php:108 Twig\Template->displayBlock()
  vendor/twig/twig/src/Template.php:394              __TwigTemplate_8e2d4183559ddba34e30518f491ed58b->doDisplay()
  vendor/twig/twig/src/Template.php:367              Twig\Template->displayWithErrorHandling()
  ...ates/20/20713b8d6196abfc45d20fff285fe758.php:43 Twig\Template->display()
  vendor/twig/twig/src/Template.php:394              __TwigTemplate_b72ee6829282f931afaa2ae5f61abaae->doDisplay()
  vendor/twig/twig/src/Template.php:367              Twig\Template->displayWithErrorHandling()
  vendor/twig/twig/src/TemplateWrapper.php:47        Twig\Template->display()
  src/Application/View/TemplateRenderer.php:179      Twig\TemplateWrapper->display()
  index.php:163                                      Glpi\Application\View\TemplateRenderer->display()
  {"user":"@canatiba"} 
[2023-05-05 17:27:55] glpisqllog.ERROR: DBmysql::query() in /var/www/html/glpi/src/DBmysql.php line 370
  *** MySQL query error:
  SQL: SHOW COLUMNS FROM `glpi_plugin_glpijccustomlogin_configs`
  Error: Table 'glpi10.glpi_plugin_glpijccustomlogin_configs' doesn't exist
  Backtrace :
  src/DBmysql.php:889                                
  src/CommonDBTM.php:611                             DBmysql->listFields()
  plugins/glpijccustomlogin/inc/config.class.php:37  CommonDBTM->getEmpty()
  plugins/glpijccustomlogin/hook.php:282             PluginGlpijccustomloginConfig::getConfig()
  plugins/glpijccustomlogin/hook.php:465             plugin_glpi10()
  src/Plugin.php:1489                                plugin_glpijccustomlogin_display_login()
  ...plication/View/Extension/PluginExtension.php:67 Plugin::doHook()
  ...tes/20/20713b8d6196abfc45d20fff285fe758.php:238 Glpi\Application\View\Extension\PluginExtension->callPluginHook()
  vendor/twig/twig/src/Template.php:171              __TwigTemplate_b72ee6829282f931afaa2ae5f61abaae->block_content_block()
  ...tes/ee/eeb69b6be1529f70264bd6da1a4664c3.php:108 Twig\Template->displayBlock()
  vendor/twig/twig/src/Template.php:394              __TwigTemplate_8e2d4183559ddba34e30518f491ed58b->doDisplay()
  vendor/twig/twig/src/Template.php:367              Twig\Template->displayWithErrorHandling()
  ...ates/20/20713b8d6196abfc45d20fff285fe758.php:43 Twig\Template->display()
  vendor/twig/twig/src/Template.php:394              __TwigTemplate_b72ee6829282f931afaa2ae5f61abaae->doDisplay()
  vendor/twig/twig/src/Template.php:367              Twig\Template->displayWithErrorHandling()
  vendor/twig/twig/src/TemplateWrapper.php:47        Twig\Template->display()
  src/Application/View/TemplateRenderer.php:179      Twig\TemplateWrapper->display()
  index.php:163                                      Glpi\Application\View\TemplateRenderer->display()
  {"user":"@canatiba"} 
[2023-05-05 17:28:38] glpisqllog.ERROR: DBmysql::query() in /var/www/html/glpi/src/DBmysql.php line 370
  *** MySQL query error:
  SQL: SHOW COLUMNS FROM `glpi_plugin_glpijccustomlogin_configs`
  Error: Table 'glpi10.glpi_plugin_glpijccustomlogin_configs' doesn't exist
  Backtrace :
  src/DBmysql.php:889                                
  src/CommonDBTM.php:611                             DBmysql->listFields()
  plugins/glpijccustomlogin/inc/config.class.php:37  CommonDBTM->getEmpty()
  plugins/glpijccustomlogin/hook.php:282             PluginGlpijccustomloginConfig::getConfig()
  plugins/glpijccustomlogin/hook.php:465             plugin_glpi10()
  src/Plugin.php:1489                                plugin_glpijccustomlogin_display_login()
  ...plication/View/Extension/PluginExtension.php:67 Plugin::doHook()
  ...tes/20/20713b8d6196abfc45d20fff285fe758.php:238 Glpi\Application\View\Extension\PluginExtension->callPluginHook()
  vendor/twig/twig/src/Template.php:171              __TwigTemplate_b72ee6829282f931afaa2ae5f61abaae->block_content_block()
  ...tes/ee/eeb69b6be1529f70264bd6da1a4664c3.php:108 Twig\Template->displayBlock()
  vendor/twig/twig/src/Template.php:394              __TwigTemplate_8e2d4183559ddba34e30518f491ed58b->doDisplay()
  vendor/twig/twig/src/Template.php:367              Twig\Template->displayWithErrorHandling()
  ...ates/20/20713b8d6196abfc45d20fff285fe758.php:43 Twig\Template->display()
  vendor/twig/twig/src/Template.php:394              __TwigTemplate_b72ee6829282f931afaa2ae5f61abaae->doDisplay()
  vendor/twig/twig/src/Template.php:367              Twig\Template->displayWithErrorHandling()
  vendor/twig/twig/src/TemplateWrapper.php:47        Twig\Template->display()
  src/Application/View/TemplateRenderer.php:179      Twig\TemplateWrapper->display()
  index.php:163                                      Glpi\Application\View\TemplateRenderer->display()
  {"user":"@canatiba"} 
[2023-05-05 17:31:15] glpisqllog.ERROR: DBmysql::query() in /var/www/html/glpi/src/DBmysql.php line 370
  *** MySQL query error:
  SQL: SHOW COLUMNS FROM `glpi_plugin_glpijccustomlogin_configs`
  Error: Table 'glpi10.glpi_plugin_glpijccustomlogin_configs' doesn't exist
  Backtrace :
  src/DBmysql.php:889                                
  src/CommonDBTM.php:611                             DBmysql->listFields()
  plugins/glpijccustomlogin/inc/config.class.php:37  CommonDBTM->getEmpty()
  plugins/glpijccustomlogin/hook.php:282             PluginGlpijccustomloginConfig::getConfig()
  plugins/glpijccustomlogin/hook.php:465             plugin_glpi10()
  src/Plugin.php:1489                                plugin_glpijccustomlogin_display_login()
  ...plication/View/Extension/PluginExtension.php:67 Plugin::doHook()
  ...tes/20/20713b8d6196abfc45d20fff285fe758.php:238 Glpi\Application\View\Extension\PluginExtension->callPluginHook()
  vendor/twig/twig/src/Template.php:171              __TwigTemplate_b72ee6829282f931afaa2ae5f61abaae->block_content_block()
  ...tes/ee/eeb69b6be1529f70264bd6da1a4664c3.php:108 Twig\Template->displayBlock()
  vendor/twig/twig/src/Template.php:394              __TwigTemplate_8e2d4183559ddba34e30518f491ed58b->doDisplay()
  vendor/twig/twig/src/Template.php:367              Twig\Template->displayWithErrorHandling()
  ...ates/20/20713b8d6196abfc45d20fff285fe758.php:43 Twig\Template->display()
  vendor/twig/twig/src/Template.php:394              __TwigTemplate_b72ee6829282f931afaa2ae5f61abaae->doDisplay()
  vendor/twig/twig/src/Template.php:367              Twig\Template->displayWithErrorHandling()
  vendor/twig/twig/src/TemplateWrapper.php:47        Twig\Template->display()
  src/Application/View/TemplateRenderer.php:179      Twig\TemplateWrapper->display()
  index.php:163                                      Glpi\Application\View\TemplateRenderer->display()
  {"user":"@canatiba"} 
[2023-05-05 17:34:40] glpisqllog.ERROR: DBmysql::query() in /var/www/html/glpi/src/DBmysql.php line 370
  *** MySQL query error:
  SQL: SHOW COLUMNS FROM `glpi_plugin_glpijccustomlogin_configs`
  Error: Table 'glpi10.glpi_plugin_glpijccustomlogin_configs' doesn't exist
  Backtrace :
  src/DBmysql.php:889                                
  src/CommonDBTM.php:611                             DBmysql->listFields()
  plugins/glpijccustomlogin/inc/config.class.php:37  CommonDBTM->getEmpty()
  plugins/glpijccustomlogin/hook.php:282             PluginGlpijccustomloginConfig::getConfig()
  plugins/glpijccustomlogin/hook.php:465             plugin_glpi10()
  src/Plugin.php:1489                                plugin_glpijccustomlogin_display_login()
  ...plication/View/Extension/PluginExtension.php:67 Plugin::doHook()
  ...tes/20/20713b8d6196abfc45d20fff285fe758.php:238 Glpi\Application\View\Extension\PluginExtension->callPluginHook()
  vendor/twig/twig/src/Template.php:171              __TwigTemplate_b72ee6829282f931afaa2ae5f61abaae->block_content_block()
  ...tes/ee/eeb69b6be1529f70264bd6da1a4664c3.php:108 Twig\Template->displayBlock()
  vendor/twig/twig/src/Template.php:394              __TwigTemplate_8e2d4183559ddba34e30518f491ed58b->doDisplay()
  vendor/twig/twig/src/Template.php:367              Twig\Template->displayWithErrorHandling()
  ...ates/20/20713b8d6196abfc45d20fff285fe758.php:43 Twig\Template->display()
  vendor/twig/twig/src/Template.php:394              __TwigTemplate_b72ee6829282f931afaa2ae5f61abaae->doDisplay()
  vendor/twig/twig/src/Template.php:367              Twig\Template->displayWithErrorHandling()
  vendor/twig/twig/src/TemplateWrapper.php:47        Twig\Template->display()
  src/Application/View/TemplateRenderer.php:179      Twig\TemplateWrapper->display()
  index.php:163                                      Glpi\Application\View\TemplateRenderer->display()
  {"user":"@canatiba"} 
[2023-05-05 17:39:47] glpisqllog.ERROR: DBmysql::query() in /var/www/html/glpi/src/DBmysql.php line 370
  *** MySQL query error:
  SQL: SHOW COLUMNS FROM `glpi_plugin_glpijccustomlogin_configs`
  Error: Table 'glpi10.glpi_plugin_glpijccustomlogin_configs' doesn't exist
  Backtrace :
  src/DBmysql.php:889                                
  src/CommonDBTM.php:611                             DBmysql->listFields()
  plugins/glpijccustomlogin/inc/config.class.php:37  CommonDBTM->getEmpty()
  plugins/glpijccustomlogin/hook.php:282             PluginGlpijccustomloginConfig::getConfig()
  plugins/glpijccustomlogin/hook.php:465             plugin_glpi10()
  src/Plugin.php:1489                                plugin_glpijccustomlogin_display_login()
  ...plication/View/Extension/PluginExtension.php:67 Plugin::doHook()
  ...tes/20/20713b8d6196abfc45d20fff285fe758.php:238 Glpi\Application\View\Extension\PluginExtension->callPluginHook()
  vendor/twig/twig/src/Template.php:171              __TwigTemplate_b72ee6829282f931afaa2ae5f61abaae->block_content_block()
  ...tes/ee/eeb69b6be1529f70264bd6da1a4664c3.php:108 Twig\Template->displayBlock()
  vendor/twig/twig/src/Template.php:394              __TwigTemplate_8e2d4183559ddba34e30518f491ed58b->doDisplay()
  vendor/twig/twig/src/Template.php:367              Twig\Template->displayWithErrorHandling()
  ...ates/20/20713b8d6196abfc45d20fff285fe758.php:43 Twig\Template->display()
  vendor/twig/twig/src/Template.php:394              __TwigTemplate_b72ee6829282f931afaa2ae5f61abaae->doDisplay()
  vendor/twig/twig/src/Template.php:367              Twig\Template->displayWithErrorHandling()
  vendor/twig/twig/src/TemplateWrapper.php:47        Twig\Template->display()
  src/Application/View/TemplateRenderer.php:179      Twig\TemplateWrapper->display()
  index.php:163                                      Glpi\Application\View\TemplateRenderer->display()
  {"user":"@canatiba"} 
[2023-05-05 17:39:50] glpisqllog.ERROR: DBmysql::query() in /var/www/html/glpi/src/DBmysql.php line 370
  *** MySQL query error:
  SQL: SHOW COLUMNS FROM `glpi_plugin_glpijccustomlogin_configs`
  Error: Table 'glpi10.glpi_plugin_glpijccustomlogin_configs' doesn't exist
  Backtrace :
  src/DBmysql.php:889                                
  src/CommonDBTM.php:611                             DBmysql->listFields()
  plugins/glpijccustomlogin/inc/config.class.php:37  CommonDBTM->getEmpty()
  plugins/glpijccustomlogin/hook.php:282             PluginGlpijccustomloginConfig::getConfig()
  plugins/glpijccustomlogin/hook.php:465             plugin_glpi10()
  src/Plugin.php:1489                                plugin_glpijccustomlogin_display_login()
  ...plication/View/Extension/PluginExtension.php:67 Plugin::doHook()
  ...tes/20/20713b8d6196abfc45d20fff285fe758.php:238 Glpi\Application\View\Extension\PluginExtension->callPluginHook()
  vendor/twig/twig/src/Template.php:171              __TwigTemplate_b72ee6829282f931afaa2ae5f61abaae->block_content_block()
  ...tes/ee/eeb69b6be1529f70264bd6da1a4664c3.php:108 Twig\Template->displayBlock()
  vendor/twig/twig/src/Template.php:394              __TwigTemplate_8e2d4183559ddba34e30518f491ed58b->doDisplay()
  vendor/twig/twig/src/Template.php:367              Twig\Template->displayWithErrorHandling()
  ...ates/20/20713b8d6196abfc45d20fff285fe758.php:43 Twig\Template->display()
  vendor/twig/twig/src/Template.php:394              __TwigTemplate_b72ee6829282f931afaa2ae5f61abaae->doDisplay()
  vendor/twig/twig/src/Template.php:367              Twig\Template->displayWithErrorHandling()
  vendor/twig/twig/src/TemplateWrapper.php:47        Twig\Template->display()
  src/Application/View/TemplateRenderer.php:179      Twig\TemplateWrapper->display()
  index.php:163                                      Glpi\Application\View\TemplateRenderer->display()
  {"user":"@canatiba"} 
[2023-05-05 17:40:00] glpisqllog.ERROR: DBmysql::query() in /var/www/html/glpi/src/DBmysql.php line 370
  *** MySQL query error:
  SQL: SHOW COLUMNS FROM `glpi_plugin_glpijccustomlogin_configs`
  Error: Table 'glpi10.glpi_plugin_glpijccustomlogin_configs' doesn't exist
  Backtrace :
  src/DBmysql.php:889                                
  src/CommonDBTM.php:611                             DBmysql->listFields()
  plugins/glpijccustomlogin/inc/config.class.php:37  CommonDBTM->getEmpty()
  plugins/glpijccustomlogin/hook.php:282             PluginGlpijccustomloginConfig::getConfig()
  plugins/glpijccustomlogin/hook.php:465             plugin_glpi10()
  src/Plugin.php:1489                                plugin_glpijccustomlogin_display_login()
  ...plication/View/Extension/PluginExtension.php:67 Plugin::doHook()
  ...tes/20/20713b8d6196abfc45d20fff285fe758.php:238 Glpi\Application\View\Extension\PluginExtension->callPluginHook()
  vendor/twig/twig/src/Template.php:171              __TwigTemplate_b72ee6829282f931afaa2ae5f61abaae->block_content_block()
  ...tes/ee/eeb69b6be1529f70264bd6da1a4664c3.php:108 Twig\Template->displayBlock()
  vendor/twig/twig/src/Template.php:394              __TwigTemplate_8e2d4183559ddba34e30518f491ed58b->doDisplay()
  vendor/twig/twig/src/Template.php:367              Twig\Template->displayWithErrorHandling()
  ...ates/20/20713b8d6196abfc45d20fff285fe758.php:43 Twig\Template->display()
  vendor/twig/twig/src/Template.php:394              __TwigTemplate_b72ee6829282f931afaa2ae5f61abaae->doDisplay()
  vendor/twig/twig/src/Template.php:367              Twig\Template->displayWithErrorHandling()
  vendor/twig/twig/src/TemplateWrapper.php:47        Twig\Template->display()
  src/Application/View/TemplateRenderer.php:179      Twig\TemplateWrapper->display()
  index.php:163                                      Glpi\Application\View\TemplateRenderer->display()
  {"user":"@canatiba"} 
[2023-05-05 17:41:04] glpisqllog.ERROR: DBmysql::query() in /var/www/html/glpi/src/DBmysql.php line 370
  *** MySQL query error:
  SQL: SHOW COLUMNS FROM `glpi_plugin_glpijccustomlogin_configs`
  Error: Table 'glpi10.glpi_plugin_glpijccustomlogin_configs' doesn't exist
  Backtrace :
  src/DBmysql.php:889                                
  src/CommonDBTM.php:611                             DBmysql->listFields()
  plugins/glpijccustomlogin/inc/config.class.php:37  CommonDBTM->getEmpty()
  plugins/glpijccustomlogin/hook.php:282             PluginGlpijccustomloginConfig::getConfig()
  plugins/glpijccustomlogin/hook.php:465             plugin_glpi10()
  src/Plugin.php:1489                                plugin_glpijccustomlogin_display_login()
  ...plication/View/Extension/PluginExtension.php:67 Plugin::doHook()
  ...tes/20/20713b8d6196abfc45d20fff285fe758.php:238 Glpi\Application\View\Extension\PluginExtension->callPluginHook()
  vendor/twig/twig/src/Template.php:171              __TwigTemplate_b72ee6829282f931afaa2ae5f61abaae->block_content_block()
  ...tes/ee/eeb69b6be1529f70264bd6da1a4664c3.php:108 Twig\Template->displayBlock()
  vendor/twig/twig/src/Template.php:394              __TwigTemplate_8e2d4183559ddba34e30518f491ed58b->doDisplay()
  vendor/twig/twig/src/Template.php:367              Twig\Template->displayWithErrorHandling()
  ...ates/20/20713b8d6196abfc45d20fff285fe758.php:43 Twig\Template->display()
  vendor/twig/twig/src/Template.php:394              __TwigTemplate_b72ee6829282f931afaa2ae5f61abaae->doDisplay()
  vendor/twig/twig/src/Template.php:367              Twig\Template->displayWithErrorHandling()
  vendor/twig/twig/src/TemplateWrapper.php:47        Twig\Template->display()
  src/Application/View/TemplateRenderer.php:179      Twig\TemplateWrapper->display()
  index.php:163                                      Glpi\Application\View\TemplateRenderer->display()
  {"user":"@canatiba"} 
[2023-05-05 17:41:09] glpisqllog.ERROR: DBmysql::query() in /var/www/html/glpi/src/DBmysql.php line 370
  *** MySQL query error:
  SQL: SHOW COLUMNS FROM `glpi_plugin_glpijccustomlogin_configs`
  Error: Table 'glpi10.glpi_plugin_glpijccustomlogin_configs' doesn't exist
  Backtrace :
  src/DBmysql.php:889                                
  src/CommonDBTM.php:611                             DBmysql->listFields()
  plugins/glpijccustomlogin/inc/config.class.php:37  CommonDBTM->getEmpty()
  plugins/glpijccustomlogin/hook.php:282             PluginGlpijccustomloginConfig::getConfig()
  plugins/glpijccustomlogin/hook.php:465             plugin_glpi10()
  src/Plugin.php:1489                                plugin_glpijccustomlogin_display_login()
  ...plication/View/Extension/PluginExtension.php:67 Plugin::doHook()
  ...tes/20/20713b8d6196abfc45d20fff285fe758.php:238 Glpi\Application\View\Extension\PluginExtension->callPluginHook()
  vendor/twig/twig/src/Template.php:171              __TwigTemplate_b72ee6829282f931afaa2ae5f61abaae->block_content_block()
  ...tes/ee/eeb69b6be1529f70264bd6da1a4664c3.php:108 Twig\Template->displayBlock()
  vendor/twig/twig/src/Template.php:394              __TwigTemplate_8e2d4183559ddba34e30518f491ed58b->doDisplay()
  vendor/twig/twig/src/Template.php:367              Twig\Template->displayWithErrorHandling()
  ...ates/20/20713b8d6196abfc45d20fff285fe758.php:43 Twig\Template->display()
  vendor/twig/twig/src/Template.php:394              __TwigTemplate_b72ee6829282f931afaa2ae5f61abaae->doDisplay()
  vendor/twig/twig/src/Template.php:367              Twig\Template->displayWithErrorHandling()
  vendor/twig/twig/src/TemplateWrapper.php:47        Twig\Template->display()
  src/Application/View/TemplateRenderer.php:179      Twig\TemplateWrapper->display()
  index.php:163                                      Glpi\Application\View\TemplateRenderer->display()
  {"user":"@canatiba"} 
[2023-05-05 17:41:12] glpisqllog.ERROR: DBmysql::query() in /var/www/html/glpi/src/DBmysql.php line 370
  *** MySQL query error:
  SQL: SHOW COLUMNS FROM `glpi_plugin_glpijccustomlogin_configs`
  Error: Table 'glpi10.glpi_plugin_glpijccustomlogin_configs' doesn't exist
  Backtrace :
  src/DBmysql.php:889                                
  src/CommonDBTM.php:611                             DBmysql->listFields()
  plugins/glpijccustomlogin/inc/config.class.php:37  CommonDBTM->getEmpty()
  plugins/glpijccustomlogin/hook.php:282             PluginGlpijccustomloginConfig::getConfig()
  plugins/glpijccustomlogin/hook.php:465             plugin_glpi10()
  src/Plugin.php:1489                                plugin_glpijccustomlogin_display_login()
  ...plication/View/Extension/PluginExtension.php:67 Plugin::doHook()
  ...tes/20/20713b8d6196abfc45d20fff285fe758.php:238 Glpi\Application\View\Extension\PluginExtension->callPluginHook()
  vendor/twig/twig/src/Template.php:171              __TwigTemplate_b72ee6829282f931afaa2ae5f61abaae->block_content_block()
  ...tes/ee/eeb69b6be1529f70264bd6da1a4664c3.php:108 Twig\Template->displayBlock()
  vendor/twig/twig/src/Template.php:394              __TwigTemplate_8e2d4183559ddba34e30518f491ed58b->doDisplay()
  vendor/twig/twig/src/Template.php:367              Twig\Template->displayWithErrorHandling()
  ...ates/20/20713b8d6196abfc45d20fff285fe758.php:43 Twig\Template->display()
  vendor/twig/twig/src/Template.php:394              __TwigTemplate_b72ee6829282f931afaa2ae5f61abaae->doDisplay()
  vendor/twig/twig/src/Template.php:367              Twig\Template->displayWithErrorHandling()
  vendor/twig/twig/src/TemplateWrapper.php:47        Twig\Template->display()
  src/Application/View/TemplateRenderer.php:179      Twig\TemplateWrapper->display()
  index.php:163                                      Glpi\Application\View\TemplateRenderer->display()
  {"user":"@canatiba"} 
[2023-05-05 17:42:30] glpisqllog.ERROR: DBmysql::query() in /var/www/html/glpi/src/DBmysql.php line 370
  *** MySQL query error:
  SQL: SHOW COLUMNS FROM `glpi_plugin_glpijccustomlogin_configs`
  Error: Table 'glpi10.glpi_plugin_glpijccustomlogin_configs' doesn't exist
  Backtrace :
  src/DBmysql.php:889                                
  src/CommonDBTM.php:611                             DBmysql->listFields()
  plugins/glpijccustomlogin/inc/config.class.php:37  CommonDBTM->getEmpty()
  plugins/glpijccustomlogin/hook.php:282             PluginGlpijccustomloginConfig::getConfig()
  plugins/glpijccustomlogin/hook.php:465             plugin_glpi10()
  src/Plugin.php:1489                                plugin_glpijccustomlogin_display_login()
  ...plication/View/Extension/PluginExtension.php:67 Plugin::doHook()
  ...tes/20/20713b8d6196abfc45d20fff285fe758.php:238 Glpi\Application\View\Extension\PluginExtension->callPluginHook()
  vendor/twig/twig/src/Template.php:171              __TwigTemplate_b72ee6829282f931afaa2ae5f61abaae->block_content_block()
  ...tes/ee/eeb69b6be1529f70264bd6da1a4664c3.php:108 Twig\Template->displayBlock()
  vendor/twig/twig/src/Template.php:394              __TwigTemplate_8e2d4183559ddba34e30518f491ed58b->doDisplay()
  vendor/twig/twig/src/Template.php:367              Twig\Template->displayWithErrorHandling()
  ...ates/20/20713b8d6196abfc45d20fff285fe758.php:43 Twig\Template->display()
  vendor/twig/twig/src/Template.php:394              __TwigTemplate_b72ee6829282f931afaa2ae5f61abaae->doDisplay()
  vendor/twig/twig/src/Template.php:367              Twig\Template->displayWithErrorHandling()
  vendor/twig/twig/src/TemplateWrapper.php:47        Twig\Template->display()
  src/Application/View/TemplateRenderer.php:179      Twig\TemplateWrapper->display()
  index.php:163                                      Glpi\Application\View\TemplateRenderer->display()
  {"user":"@canatiba"} 
[2023-05-05 17:45:21] glpisqllog.ERROR: DBmysql::query() in /var/www/html/glpi/src/DBmysql.php line 370
  *** MySQL query error:
  SQL: SHOW COLUMNS FROM `glpi_plugin_glpijccustomlogin_configs`
  Error: Table 'glpi10.glpi_plugin_glpijccustomlogin_configs' doesn't exist
  Backtrace :
  src/DBmysql.php:889                                
  src/CommonDBTM.php:611                             DBmysql->listFields()
  plugins/glpijccustomlogin/inc/config.class.php:37  CommonDBTM->getEmpty()
  plugins/glpijccustomlogin/hook.php:282             PluginGlpijccustomloginConfig::getConfig()
  plugins/glpijccustomlogin/hook.php:465             plugin_glpi10()
  src/Plugin.php:1489                                plugin_glpijccustomlogin_display_login()
  ...plication/View/Extension/PluginExtension.php:67 Plugin::doHook()
  ...tes/20/20713b8d6196abfc45d20fff285fe758.php:238 Glpi\Application\View\Extension\PluginExtension->callPluginHook()
  vendor/twig/twig/src/Template.php:171              __TwigTemplate_b72ee6829282f931afaa2ae5f61abaae->block_content_block()
  ...tes/ee/eeb69b6be1529f70264bd6da1a4664c3.php:108 Twig\Template->displayBlock()
  vendor/twig/twig/src/Template.php:394              __TwigTemplate_8e2d4183559ddba34e30518f491ed58b->doDisplay()
  vendor/twig/twig/src/Template.php:367              Twig\Template->displayWithErrorHandling()
  ...ates/20/20713b8d6196abfc45d20fff285fe758.php:43 Twig\Template->display()
  vendor/twig/twig/src/Template.php:394              __TwigTemplate_b72ee6829282f931afaa2ae5f61abaae->doDisplay()
  vendor/twig/twig/src/Template.php:367              Twig\Template->displayWithErrorHandling()
  vendor/twig/twig/src/TemplateWrapper.php:47        Twig\Template->display()
  src/Application/View/TemplateRenderer.php:179      Twig\TemplateWrapper->display()
  index.php:163                                      Glpi\Application\View\TemplateRenderer->display()
  {"user":"@canatiba"} 
[2023-05-08 09:05:50] glpisqllog.ERROR: DBmysql::query() in /var/www/html/glpi/src/DBmysql.php line 370
  *** MySQL query error:
  SQL: SHOW COLUMNS FROM `glpi_plugin_glpijccustomlogin_configs`
  Error: Table 'glpi10.glpi_plugin_glpijccustomlogin_configs' doesn't exist
  Backtrace :
  src/DBmysql.php:889                                
  src/CommonDBTM.php:611                             DBmysql->listFields()
  plugins/glpijccustomlogin/inc/config.class.php:37  CommonDBTM->getEmpty()
  plugins/glpijccustomlogin/hook.php:282             PluginGlpijccustomloginConfig::getConfig()
  plugins/glpijccustomlogin/hook.php:465             plugin_glpi10()
  src/Plugin.php:1489                                plugin_glpijccustomlogin_display_login()
  ...plication/View/Extension/PluginExtension.php:67 Plugin::doHook()
  ...tes/20/20713b8d6196abfc45d20fff285fe758.php:238 Glpi\Application\View\Extension\PluginExtension->callPluginHook()
  vendor/twig/twig/src/Template.php:171              __TwigTemplate_b72ee6829282f931afaa2ae5f61abaae->block_content_block()
  ...tes/ee/eeb69b6be1529f70264bd6da1a4664c3.php:108 Twig\Template->displayBlock()
  vendor/twig/twig/src/Template.php:394              __TwigTemplate_8e2d4183559ddba34e30518f491ed58b->doDisplay()
  vendor/twig/twig/src/Template.php:367              Twig\Template->displayWithErrorHandling()
  ...ates/20/20713b8d6196abfc45d20fff285fe758.php:43 Twig\Template->display()
  vendor/twig/twig/src/Template.php:394              __TwigTemplate_b72ee6829282f931afaa2ae5f61abaae->doDisplay()
  vendor/twig/twig/src/Template.php:367              Twig\Template->displayWithErrorHandling()
  vendor/twig/twig/src/TemplateWrapper.php:47        Twig\Template->display()
  src/Application/View/TemplateRenderer.php:179      Twig\TemplateWrapper->display()
  index.php:163                                      Glpi\Application\View\TemplateRenderer->display()
  {"user":"@canatiba"} 
[2023-05-08 10:16:51] glpisqllog.ERROR: DBmysql::query() in /var/www/html/glpi/src/DBmysql.php line 370
  *** MySQL query error:
  SQL: SHOW COLUMNS FROM `glpi_plugin_glpijccustomlogin_configs`
  Error: Table 'glpi10.glpi_plugin_glpijccustomlogin_configs' doesn't exist
  Backtrace :
  src/DBmysql.php:889                                
  src/CommonDBTM.php:611                             DBmysql->listFields()
  plugins/glpijccustomlogin/inc/config.class.php:37  CommonDBTM->getEmpty()
  plugins/glpijccustomlogin/hook.php:282             PluginGlpijccustomloginConfig::getConfig()
  plugins/glpijccustomlogin/hook.php:465             plugin_glpi10()
  src/Plugin.php:1489                                plugin_glpijccustomlogin_display_login()
  ...plication/View/Extension/PluginExtension.php:67 Plugin::doHook()
  ...tes/20/20713b8d6196abfc45d20fff285fe758.php:238 Glpi\Application\View\Extension\PluginExtension->callPluginHook()
  vendor/twig/twig/src/Template.php:171              __TwigTemplate_b72ee6829282f931afaa2ae5f61abaae->block_content_block()
  ...tes/ee/eeb69b6be1529f70264bd6da1a4664c3.php:108 Twig\Template->displayBlock()
  vendor/twig/twig/src/Template.php:394              __TwigTemplate_8e2d4183559ddba34e30518f491ed58b->doDisplay()
  vendor/twig/twig/src/Template.php:367              Twig\Template->displayWithErrorHandling()
  ...ates/20/20713b8d6196abfc45d20fff285fe758.php:43 Twig\Template->display()
  vendor/twig/twig/src/Template.php:394              __TwigTemplate_b72ee6829282f931afaa2ae5f61abaae->doDisplay()
  vendor/twig/twig/src/Template.php:367              Twig\Template->displayWithErrorHandling()
  vendor/twig/twig/src/TemplateWrapper.php:47        Twig\Template->display()
  src/Application/View/TemplateRenderer.php:179      Twig\TemplateWrapper->display()
  index.php:163                                      Glpi\Application\View\TemplateRenderer->display()
  {"user":"@canatiba"} 
[2023-05-08 10:17:47] glpisqllog.ERROR: DBmysql::query() in /var/www/html/glpi/src/DBmysql.php line 370
  *** MySQL query error:
  SQL: SHOW COLUMNS FROM `glpi_plugin_glpijccustomlogin_configs`
  Error: Table 'glpi10.glpi_plugin_glpijccustomlogin_configs' doesn't exist
  Backtrace :
  src/DBmysql.php:889                                
  src/CommonDBTM.php:611                             DBmysql->listFields()
  plugins/glpijccustomlogin/inc/config.class.php:37  CommonDBTM->getEmpty()
  plugins/glpijccustomlogin/hook.php:282             PluginGlpijccustomloginConfig::getConfig()
  plugins/glpijccustomlogin/hook.php:465             plugin_glpi10()
  src/Plugin.php:1489                                plugin_glpijccustomlogin_display_login()
  ...plication/View/Extension/PluginExtension.php:67 Plugin::doHook()
  ...tes/20/20713b8d6196abfc45d20fff285fe758.php:238 Glpi\Application\View\Extension\PluginExtension->callPluginHook()
  vendor/twig/twig/src/Template.php:171              __TwigTemplate_b72ee6829282f931afaa2ae5f61abaae->block_content_block()
  ...tes/ee/eeb69b6be1529f70264bd6da1a4664c3.php:108 Twig\Template->displayBlock()
  vendor/twig/twig/src/Template.php:394              __TwigTemplate_8e2d4183559ddba34e30518f491ed58b->doDisplay()
  vendor/twig/twig/src/Template.php:367              Twig\Template->displayWithErrorHandling()
  ...ates/20/20713b8d6196abfc45d20fff285fe758.php:43 Twig\Template->display()
  vendor/twig/twig/src/Template.php:394              __TwigTemplate_b72ee6829282f931afaa2ae5f61abaae->doDisplay()
  vendor/twig/twig/src/Template.php:367              Twig\Template->displayWithErrorHandling()
  vendor/twig/twig/src/TemplateWrapper.php:47        Twig\Template->display()
  src/Application/View/TemplateRenderer.php:179      Twig\TemplateWrapper->display()
  index.php:163                                      Glpi\Application\View\TemplateRenderer->display()
  {"user":"@canatiba"} 
[2023-05-08 11:09:32] glpisqllog.ERROR: DBmysql::query() in /var/www/html/glpi/src/DBmysql.php line 370
  *** MySQL query error:
  SQL: SHOW COLUMNS FROM `glpi_plugin_glpijccustomlogin_configs`
  Error: Table 'glpi10.glpi_plugin_glpijccustomlogin_configs' doesn't exist
  Backtrace :
  src/DBmysql.php:889                                
  src/CommonDBTM.php:611                             DBmysql->listFields()
  plugins/glpijccustomlogin/inc/config.class.php:37  CommonDBTM->getEmpty()
  plugins/glpijccustomlogin/hook.php:282             PluginGlpijccustomloginConfig::getConfig()
  plugins/glpijccustomlogin/hook.php:465             plugin_glpi10()
  src/Plugin.php:1489                                plugin_glpijccustomlogin_display_login()
  ...plication/View/Extension/PluginExtension.php:67 Plugin::doHook()
  ...tes/20/20713b8d6196abfc45d20fff285fe758.php:238 Glpi\Application\View\Extension\PluginExtension->callPluginHook()
  vendor/twig/twig/src/Template.php:171              __TwigTemplate_b72ee6829282f931afaa2ae5f61abaae->block_content_block()
  ...tes/ee/eeb69b6be1529f70264bd6da1a4664c3.php:108 Twig\Template->displayBlock()
  vendor/twig/twig/src/Template.php:394              __TwigTemplate_8e2d4183559ddba34e30518f491ed58b->doDisplay()
  vendor/twig/twig/src/Template.php:367              Twig\Template->displayWithErrorHandling()
  ...ates/20/20713b8d6196abfc45d20fff285fe758.php:43 Twig\Template->display()
  vendor/twig/twig/src/Template.php:394              __TwigTemplate_b72ee6829282f931afaa2ae5f61abaae->doDisplay()
  vendor/twig/twig/src/Template.php:367              Twig\Template->displayWithErrorHandling()
  vendor/twig/twig/src/TemplateWrapper.php:47        Twig\Template->display()
  src/Application/View/TemplateRenderer.php:179      Twig\TemplateWrapper->display()
  index.php:163                                      Glpi\Application\View\TemplateRenderer->display()
  {"user":"@canatiba"} 
[2023-05-08 11:09:40] glpisqllog.ERROR: DBmysql::query() in /var/www/html/glpi/src/DBmysql.php line 370
  *** MySQL query error:
  SQL: SHOW COLUMNS FROM `glpi_plugin_glpijccustomlogin_configs`
  Error: Table 'glpi10.glpi_plugin_glpijccustomlogin_configs' doesn't exist
  Backtrace :
  src/DBmysql.php:889                                
  src/CommonDBTM.php:611                             DBmysql->listFields()
  plugins/glpijccustomlogin/inc/config.class.php:37  CommonDBTM->getEmpty()
  plugins/glpijccustomlogin/hook.php:282             PluginGlpijccustomloginConfig::getConfig()
  plugins/glpijccustomlogin/hook.php:465             plugin_glpi10()
  src/Plugin.php:1489                                plugin_glpijccustomlogin_display_login()
  ...plication/View/Extension/PluginExtension.php:67 Plugin::doHook()
  ...tes/20/20713b8d6196abfc45d20fff285fe758.php:238 Glpi\Application\View\Extension\PluginExtension->callPluginHook()
  vendor/twig/twig/src/Template.php:171              __TwigTemplate_b72ee6829282f931afaa2ae5f61abaae->block_content_block()
  ...tes/ee/eeb69b6be1529f70264bd6da1a4664c3.php:108 Twig\Template->displayBlock()
  vendor/twig/twig/src/Template.php:394              __TwigTemplate_8e2d4183559ddba34e30518f491ed58b->doDisplay()
  vendor/twig/twig/src/Template.php:367              Twig\Template->displayWithErrorHandling()
  ...ates/20/20713b8d6196abfc45d20fff285fe758.php:43 Twig\Template->display()
  vendor/twig/twig/src/Template.php:394              __TwigTemplate_b72ee6829282f931afaa2ae5f61abaae->doDisplay()
  vendor/twig/twig/src/Template.php:367              Twig\Template->displayWithErrorHandling()
  vendor/twig/twig/src/TemplateWrapper.php:47        Twig\Template->display()
  src/Application/View/TemplateRenderer.php:179      Twig\TemplateWrapper->display()
  index.php:163                                      Glpi\Application\View\TemplateRenderer->display()
  {"user":"@canatiba"} 
[2023-05-08 11:10:58] glpisqllog.ERROR: DBmysql::query() in /var/www/html/glpi/src/DBmysql.php line 370
  *** MySQL query error:
  SQL: SHOW COLUMNS FROM `glpi_plugin_glpijccustomlogin_configs`
  Error: Table 'glpi10.glpi_plugin_glpijccustomlogin_configs' doesn't exist
  Backtrace :
  src/DBmysql.php:889                                
  src/CommonDBTM.php:611                             DBmysql->listFields()
  plugins/glpijccustomlogin/inc/config.class.php:37  CommonDBTM->getEmpty()
  plugins/glpijccustomlogin/hook.php:282             PluginGlpijccustomloginConfig::getConfig()
  plugins/glpijccustomlogin/hook.php:465             plugin_glpi10()
  src/Plugin.php:1489                                plugin_glpijccustomlogin_display_login()
  ...plication/View/Extension/PluginExtension.php:67 Plugin::doHook()
  ...tes/20/20713b8d6196abfc45d20fff285fe758.php:238 Glpi\Application\View\Extension\PluginExtension->callPluginHook()
  vendor/twig/twig/src/Template.php:171              __TwigTemplate_b72ee6829282f931afaa2ae5f61abaae->block_content_block()
  ...tes/ee/eeb69b6be1529f70264bd6da1a4664c3.php:108 Twig\Template->displayBlock()
  vendor/twig/twig/src/Template.php:394              __TwigTemplate_8e2d4183559ddba34e30518f491ed58b->doDisplay()
  vendor/twig/twig/src/Template.php:367              Twig\Template->displayWithErrorHandling()
  ...ates/20/20713b8d6196abfc45d20fff285fe758.php:43 Twig\Template->display()
  vendor/twig/twig/src/Template.php:394              __TwigTemplate_b72ee6829282f931afaa2ae5f61abaae->doDisplay()
  vendor/twig/twig/src/Template.php:367              Twig\Template->displayWithErrorHandling()
  vendor/twig/twig/src/TemplateWrapper.php:47        Twig\Template->display()
  src/Application/View/TemplateRenderer.php:179      Twig\TemplateWrapper->display()
  index.php:163                                      Glpi\Application\View\TemplateRenderer->display()
  {"user":"@canatiba"} 
[2023-05-08 11:11:01] glpisqllog.ERROR: DBmysql::query() in /var/www/html/glpi/src/DBmysql.php line 370
  *** MySQL query error:
  SQL: SHOW COLUMNS FROM `glpi_plugin_glpijccustomlogin_configs`
  Error: Table 'glpi10.glpi_plugin_glpijccustomlogin_configs' doesn't exist
  Backtrace :
  src/DBmysql.php:889                                
  src/CommonDBTM.php:611                             DBmysql->listFields()
  plugins/glpijccustomlogin/inc/config.class.php:37  CommonDBTM->getEmpty()
  plugins/glpijccustomlogin/hook.php:282             PluginGlpijccustomloginConfig::getConfig()
  plugins/glpijccustomlogin/hook.php:465             plugin_glpi10()
  src/Plugin.php:1489                                plugin_glpijccustomlogin_display_login()
  ...plication/View/Extension/PluginExtension.php:67 Plugin::doHook()
  ...tes/20/20713b8d6196abfc45d20fff285fe758.php:238 Glpi\Application\View\Extension\PluginExtension->callPluginHook()
  vendor/twig/twig/src/Template.php:171              __TwigTemplate_b72ee6829282f931afaa2ae5f61abaae->block_content_block()
  ...tes/ee/eeb69b6be1529f70264bd6da1a4664c3.php:108 Twig\Template->displayBlock()
  vendor/twig/twig/src/Template.php:394              __TwigTemplate_8e2d4183559ddba34e30518f491ed58b->doDisplay()
  vendor/twig/twig/src/Template.php:367              Twig\Template->displayWithErrorHandling()
  ...ates/20/20713b8d6196abfc45d20fff285fe758.php:43 Twig\Template->display()
  vendor/twig/twig/src/Template.php:394              __TwigTemplate_b72ee6829282f931afaa2ae5f61abaae->doDisplay()
  vendor/twig/twig/src/Template.php:367              Twig\Template->displayWithErrorHandling()
  vendor/twig/twig/src/TemplateWrapper.php:47        Twig\Template->display()
  src/Application/View/TemplateRenderer.php:179      Twig\TemplateWrapper->display()
  index.php:163                                      Glpi\Application\View\TemplateRenderer->display()
  {"user":"@canatiba"} 
[2023-05-08 14:20:14] glpisqllog.ERROR: DBmysql::query() in /var/www/html/glpi/src/DBmysql.php line 370
  *** MySQL query error:
  SQL: SHOW COLUMNS FROM `glpi_plugin_glpijccustomlogin_configs`
  Error: Table 'glpi10.glpi_plugin_glpijccustomlogin_configs' doesn't exist
  Backtrace :
  src/DBmysql.php:889                                
  src/CommonDBTM.php:611                             DBmysql->listFields()
  plugins/glpijccustomlogin/inc/config.class.php:37  CommonDBTM->getEmpty()
  plugins/glpijccustomlogin/hook.php:282             PluginGlpijccustomloginConfig::getConfig()
  plugins/glpijccustomlogin/hook.php:465             plugin_glpi10()
  src/Plugin.php:1489                                plugin_glpijccustomlogin_display_login()
  ...plication/View/Extension/PluginExtension.php:67 Plugin::doHook()
  ...tes/20/20713b8d6196abfc45d20fff285fe758.php:238 Glpi\Application\View\Extension\PluginExtension->callPluginHook()
  vendor/twig/twig/src/Template.php:171              __TwigTemplate_b72ee6829282f931afaa2ae5f61abaae->block_content_block()
  ...tes/ee/eeb69b6be1529f70264bd6da1a4664c3.php:108 Twig\Template->displayBlock()
  vendor/twig/twig/src/Template.php:394              __TwigTemplate_8e2d4183559ddba34e30518f491ed58b->doDisplay()
  vendor/twig/twig/src/Template.php:367              Twig\Template->displayWithErrorHandling()
  ...ates/20/20713b8d6196abfc45d20fff285fe758.php:43 Twig\Template->display()
  vendor/twig/twig/src/Template.php:394              __TwigTemplate_b72ee6829282f931afaa2ae5f61abaae->doDisplay()
  vendor/twig/twig/src/Template.php:367              Twig\Template->displayWithErrorHandling()
  vendor/twig/twig/src/TemplateWrapper.php:47        Twig\Template->display()
  src/Application/View/TemplateRenderer.php:179      Twig\TemplateWrapper->display()
  index.php:163                                      Glpi\Application\View\TemplateRenderer->display()
  {"user":"@canatiba"} 
[2023-05-08 14:29:48] glpisqllog.ERROR: DBmysql::query() in /var/www/html/glpi/src/DBmysql.php line 370
  *** MySQL query error:
  SQL: SHOW COLUMNS FROM `glpi_plugin_glpijccustomlogin_configs`
  Error: Table 'glpi10.glpi_plugin_glpijccustomlogin_configs' doesn't exist
  Backtrace :
  src/DBmysql.php:889                                
  src/CommonDBTM.php:611                             DBmysql->listFields()
  plugins/glpijccustomlogin/inc/config.class.php:37  CommonDBTM->getEmpty()
  plugins/glpijccustomlogin/hook.php:282             PluginGlpijccustomloginConfig::getConfig()
  plugins/glpijccustomlogin/hook.php:465             plugin_glpi10()
  src/Plugin.php:1489                                plugin_glpijccustomlogin_display_login()
  ...plication/View/Extension/PluginExtension.php:67 Plugin::doHook()
  ...tes/20/20713b8d6196abfc45d20fff285fe758.php:238 Glpi\Application\View\Extension\PluginExtension->callPluginHook()
  vendor/twig/twig/src/Template.php:171              __TwigTemplate_b72ee6829282f931afaa2ae5f61abaae->block_content_block()
  ...tes/ee/eeb69b6be1529f70264bd6da1a4664c3.php:108 Twig\Template->displayBlock()
  vendor/twig/twig/src/Template.php:394              __TwigTemplate_8e2d4183559ddba34e30518f491ed58b->doDisplay()
  vendor/twig/twig/src/Template.php:367              Twig\Template->displayWithErrorHandling()
  ...ates/20/20713b8d6196abfc45d20fff285fe758.php:43 Twig\Template->display()
  vendor/twig/twig/src/Template.php:394              __TwigTemplate_b72ee6829282f931afaa2ae5f61abaae->doDisplay()
  vendor/twig/twig/src/Template.php:367              Twig\Template->displayWithErrorHandling()
  vendor/twig/twig/src/TemplateWrapper.php:47        Twig\Template->display()
  src/Application/View/TemplateRenderer.php:179      Twig\TemplateWrapper->display()
  index.php:163                                      Glpi\Application\View\TemplateRenderer->display()
  {"user":"@canatiba"} 
[2023-05-08 14:43:48] glpisqllog.ERROR: DBmysql::query() in /var/www/html/glpi/src/DBmysql.php line 370
  *** MySQL query error:
  SQL: SHOW COLUMNS FROM `glpi_plugin_glpijccustomlogin_configs`
  Error: Table 'glpi10.glpi_plugin_glpijccustomlogin_configs' doesn't exist
  Backtrace :
  src/DBmysql.php:889                                
  src/CommonDBTM.php:611                             DBmysql->listFields()
  plugins/glpijccustomlogin/inc/config.class.php:37  CommonDBTM->getEmpty()
  plugins/glpijccustomlogin/hook.php:282             PluginGlpijccustomloginConfig::getConfig()
  plugins/glpijccustomlogin/hook.php:465             plugin_glpi10()
  src/Plugin.php:1489                                plugin_glpijccustomlogin_display_login()
  ...plication/View/Extension/PluginExtension.php:67 Plugin::doHook()
  ...tes/20/20713b8d6196abfc45d20fff285fe758.php:238 Glpi\Application\View\Extension\PluginExtension->callPluginHook()
  vendor/twig/twig/src/Template.php:171              __TwigTemplate_b72ee6829282f931afaa2ae5f61abaae->block_content_block()
  ...tes/ee/eeb69b6be1529f70264bd6da1a4664c3.php:108 Twig\Template->displayBlock()
  vendor/twig/twig/src/Template.php:394              __TwigTemplate_8e2d4183559ddba34e30518f491ed58b->doDisplay()
  vendor/twig/twig/src/Template.php:367              Twig\Template->displayWithErrorHandling()
  ...ates/20/20713b8d6196abfc45d20fff285fe758.php:43 Twig\Template->display()
  vendor/twig/twig/src/Template.php:394              __TwigTemplate_b72ee6829282f931afaa2ae5f61abaae->doDisplay()
  vendor/twig/twig/src/Template.php:367              Twig\Template->displayWithErrorHandling()
  vendor/twig/twig/src/TemplateWrapper.php:47        Twig\Template->display()
  src/Application/View/TemplateRenderer.php:179      Twig\TemplateWrapper->display()
  index.php:163                                      Glpi\Application\View\TemplateRenderer->display()
  {"user":"@canatiba"} 
[2023-05-08 15:34:24] glpisqllog.ERROR: DBmysql::query() in /var/www/html/glpi/src/DBmysql.php line 370
  *** MySQL query error:
  SQL: SHOW COLUMNS FROM `glpi_plugin_glpijccustomlogin_configs`
  Error: Table 'glpi10.glpi_plugin_glpijccustomlogin_configs' doesn't exist
  Backtrace :
  src/DBmysql.php:889                                
  src/CommonDBTM.php:611                             DBmysql->listFields()
  plugins/glpijccustomlogin/inc/config.class.php:37  CommonDBTM->getEmpty()
  plugins/glpijccustomlogin/hook.php:282             PluginGlpijccustomloginConfig::getConfig()
  plugins/glpijccustomlogin/hook.php:465             plugin_glpi10()
  src/Plugin.php:1489                                plugin_glpijccustomlogin_display_login()
  ...plication/View/Extension/PluginExtension.php:67 Plugin::doHook()
  ...tes/20/20713b8d6196abfc45d20fff285fe758.php:238 Glpi\Application\View\Extension\PluginExtension->callPluginHook()
  vendor/twig/twig/src/Template.php:171              __TwigTemplate_b72ee6829282f931afaa2ae5f61abaae->block_content_block()
  ...tes/ee/eeb69b6be1529f70264bd6da1a4664c3.php:108 Twig\Template->displayBlock()
  vendor/twig/twig/src/Template.php:394              __TwigTemplate_8e2d4183559ddba34e30518f491ed58b->doDisplay()
  vendor/twig/twig/src/Template.php:367              Twig\Template->displayWithErrorHandling()
  ...ates/20/20713b8d6196abfc45d20fff285fe758.php:43 Twig\Template->display()
  vendor/twig/twig/src/Template.php:394              __TwigTemplate_b72ee6829282f931afaa2ae5f61abaae->doDisplay()
  vendor/twig/twig/src/Template.php:367              Twig\Template->displayWithErrorHandling()
  vendor/twig/twig/src/TemplateWrapper.php:47        Twig\Template->display()
  src/Application/View/TemplateRenderer.php:179      Twig\TemplateWrapper->display()
  index.php:163                                      Glpi\Application\View\TemplateRenderer->display()
  {"user":"@canatiba"} 
